2023-10-27 03:24:30,467 [INFO] Activator:176 - 


2023-10-27 03:24:30,469 [INFO] Activator:177 - !SESSION log4j initialized
2023-10-27 03:24:36,582 [INFO] LogOutputStream:77 - [STDOUT_REDIRECT] 
2023-10-27 03:24:50,900 [INFO] ApplicationProperties:184 - Using Application install path: E:\stm32CubMX\doo\ST\STM32CubeIDE_1.13.0\STM32CubeIDE\plugins\com.st.stm32cube.common.mx_6.9.0.202307051724
2023-10-27 03:24:51,060 [INFO] DbMcusXml:78 - Set database path to: E:\stm32CubMX\doo\ST\STM32CubeIDE_1.13.0\STM32CubeIDE\plugins\com.st.stm32cube.common.mx_6.9.0.202307051724\\db\/mcu/
2023-10-27 03:24:51,060 [INFO] ApiDb:274 - Set plugin database path to: E:\stm32CubMX\doo\ST\STM32CubeIDE_1.13.0\STM32CubeIDE\plugins\com.st.stm32cube.common.mx_6.9.0.202307051724\\db\/plugins/boardmanager/
2023-10-27 03:24:51,074 [WARN] ApiDb:259 - Overriding images path with different value:  => E:\stm32CubMX\doo\ST\STM32CubeIDE_1.13.0\STM32CubeIDE\plugins\com.st.stm32cube.common.mx_6.9.0.202307051724\\db\/plugins/mcufinder/images/
2023-10-27 03:24:51,127 [INFO] ApiDb:250 - Set database path to: C:\Users\»√Œ–‹\.stmcufinder\plugins\mcufinder//mcu/
2023-10-27 03:24:51,128 [INFO] DbMcusAds:125 - Set database path to: C:\Users\»√Œ–‹\.stmcufinder\plugins\mcufinder//mcu/
2023-10-27 03:24:51,133 [INFO] CrossReferenceDbSqlite:203 - Set database path to: C:\Users\»√Œ–‹\.stmcufinder\plugins\mcufinder//mcu/cs/
2023-10-27 03:24:51,501 [INFO] RulesReader:64 - Compatibility file has been processed (293 Rules)
2023-10-27 03:24:51,787 [INFO] DbMcusXml:78 - Set database path to: E:\stm32CubMX\doo\ST\STM32CubeIDE_1.13.0\STM32CubeIDE\plugins\com.st.stm32cube.common.mx_6.9.0.202307051724\\db\/mcu/
2023-10-27 03:24:51,787 [INFO] ApiDb:274 - Set plugin database path to: E:\stm32CubMX\doo\ST\STM32CubeIDE_1.13.0\STM32CubeIDE\plugins\com.st.stm32cube.common.mx_6.9.0.202307051724\\db\/plugins/boardmanager/
2023-10-27 03:24:51,787 [INFO] ApiDb:261 - Set plugin images path to: E:\stm32CubMX\doo\ST\STM32CubeIDE_1.13.0\STM32CubeIDE\plugins\com.st.stm32cube.common.mx_6.9.0.202307051724\\db\/plugins/mcufinder/images/
2023-10-27 03:24:51,787 [WARN] DbFile:41 - Overriding database path with different value: C:\Users\»√Œ–‹\.stmcufinder\plugins\mcufinder/ => C:\Users\»√Œ–‹\.stmcufinder\plugins\mcufinder
2023-10-27 03:24:51,788 [INFO] ApiDb:250 - Set database path to: C:\Users\»√Œ–‹\.stmcufinder\plugins\mcufinder//mcu/
2023-10-27 03:24:51,788 [WARN] DbFile:41 - Overriding database path with different value: C:\Users\»√Œ–‹\.stmcufinder\plugins\mcufinder/ => C:\Users\»√Œ–‹\.stmcufinder\plugins\mcufinder
2023-10-27 03:24:51,788 [INFO] DbMcusAds:125 - Set database path to: C:\Users\»√Œ–‹\.stmcufinder\plugins\mcufinder//mcu/
2023-10-27 03:24:51,788 [WARN] DbFile:41 - Overriding database path with different value: C:\Users\»√Œ–‹\.stmcufinder\plugins\mcufinder/ => C:\Users\»√Œ–‹\.stmcufinder\plugins\mcufinder
2023-10-27 03:24:51,788 [WARN] DbFile:41 - Overriding database path with different value: C:\Users\»√Œ–‹\.stmcufinder\plugins\mcufinder/ => C:\Users\»√Œ–‹\.stmcufinder\plugins\mcufinder
2023-10-27 03:24:51,788 [INFO] CrossReferenceDbSqlite:203 - Set database path to: C:\Users\»√Œ–‹\.stmcufinder\plugins\mcufinder//mcu/cs/
2023-10-27 03:24:51,995 [INFO] MainPanel:262 - HeapMemory: 268435456
2023-10-27 03:24:52,244 [INFO] DbMcusXml:78 - Set database path to: E:\stm32CubMX\doo\ST\STM32CubeIDE_1.13.0\STM32CubeIDE\plugins\com.st.stm32cube.common.mx_6.9.0.202307051724\\db\/mcu/
2023-10-27 03:24:52,244 [INFO] ApiDb:274 - Set plugin database path to: E:\stm32CubMX\doo\ST\STM32CubeIDE_1.13.0\STM32CubeIDE\plugins\com.st.stm32cube.common.mx_6.9.0.202307051724\\db\/plugins/boardmanager/
2023-10-27 03:24:52,244 [INFO] ApiDb:261 - Set plugin images path to: E:\stm32CubMX\doo\ST\STM32CubeIDE_1.13.0\STM32CubeIDE\plugins\com.st.stm32cube.common.mx_6.9.0.202307051724\\db\/plugins/mcufinder/images/
2023-10-27 03:24:52,245 [WARN] DbFile:41 - Overriding database path with different value: C:\Users\»√Œ–‹\.stmcufinder\plugins\mcufinder/ => C:\Users\»√Œ–‹\.stmcufinder\plugins\mcufinder
2023-10-27 03:24:52,245 [INFO] ApiDb:250 - Set database path to: C:\Users\»√Œ–‹\.stmcufinder\plugins\mcufinder//mcu/
2023-10-27 03:24:52,245 [WARN] DbFile:41 - Overriding database path with different value: C:\Users\»√Œ–‹\.stmcufinder\plugins\mcufinder/ => C:\Users\»√Œ–‹\.stmcufinder\plugins\mcufinder
2023-10-27 03:24:52,245 [INFO] DbMcusAds:125 - Set database path to: C:\Users\»√Œ–‹\.stmcufinder\plugins\mcufinder//mcu/
2023-10-27 03:24:52,245 [WARN] DbFile:41 - Overriding database path with different value: C:\Users\»√Œ–‹\.stmcufinder\plugins\mcufinder/ => C:\Users\»√Œ–‹\.stmcufinder\plugins\mcufinder
2023-10-27 03:24:52,246 [WARN] DbFile:41 - Overriding database path with different value: C:\Users\»√Œ–‹\.stmcufinder\plugins\mcufinder/ => C:\Users\»√Œ–‹\.stmcufinder\plugins\mcufinder
2023-10-27 03:24:52,246 [INFO] CrossReferenceDbSqlite:203 - Set database path to: C:\Users\»√Œ–‹\.stmcufinder\plugins\mcufinder//mcu/cs/
2023-10-27 03:24:52,277 [INFO] ApplicationProperties:184 - Using Application install path: E:\stm32CubMX\doo\ST\STM32CubeIDE_1.13.0\STM32CubeIDE\plugins\com.st.stm32cube.common.mx_6.9.0.202307051724
2023-10-27 03:24:52,279 [INFO] PluginManage:196 - Search for loadable plugins [exclusion list=, ]
2023-10-27 03:24:52,281 [INFO] PluginManage:310 - Check plugin analytics
2023-10-27 03:24:57,357 [INFO] AnalyticsPlugin:253 - Accepted Software Licenses: STM32CubeMX.6.9.0
2023-10-27 03:24:57,357 [INFO] AnalyticsPlugin:255 - Accepted CMSIS Pack Licenses: 
2023-10-27 03:24:57,358 [INFO] AnalyticsPlugin:257 - Accepted Firmware Licenses: FW.F4.1.27.0
2023-10-27 03:24:57,360 [INFO] PluginManage:359 - Loaded plugin analytics (category:tool,tabindex:-1)
2023-10-27 03:24:57,361 [INFO] PluginManage:310 - Check plugin cadmodel
2023-10-27 03:24:57,417 [INFO] CADModel:105 - Init CAD model plugin
2023-10-27 03:24:57,417 [INFO] PluginManage:359 - Loaded plugin cadmodel (category:power,tabindex:5)
2023-10-27 03:24:57,417 [INFO] PluginManage:310 - Check plugin clock
2023-10-27 03:24:57,474 [INFO] PluginManage:359 - Loaded plugin clock (category:base,tabindex:2)
2023-10-27 03:24:57,475 [INFO] PluginManage:310 - Check plugin ddr
2023-10-27 03:24:57,503 [INFO] PluginManage:359 - Loaded plugin ddr (category:tool,tabindex:6)
2023-10-27 03:24:57,503 [INFO] PluginManage:310 - Check plugin filemanager
2023-10-27 03:24:57,845 [INFO] PluginManage:359 - Loaded plugin filemanager (category:base,tabindex:10)
2023-10-27 03:24:57,845 [INFO] PluginManage:310 - Check plugin ipmanager
2023-10-27 03:24:57,885 [INFO] PluginManage:359 - Loaded plugin ipmanager (category:base,tabindex:5)
2023-10-27 03:24:57,885 [INFO] PluginManage:310 - Check plugin lpbam
2023-10-27 03:24:57,927 [INFO] PluginManage:359 - Loaded plugin lpbam (category:base,tabindex:0)
2023-10-27 03:24:57,927 [INFO] PluginManage:310 - Check plugin memorymap
2023-10-27 03:24:58,013 [INFO] PluginManage:359 - Loaded plugin memorymap (category:base,tabindex:4)
2023-10-27 03:24:58,014 [INFO] PluginManage:310 - Check plugin pinoutandconfiguration
2023-10-27 03:24:58,058 [INFO] PluginManage:359 - Loaded plugin pinoutandconfiguration (category:base,tabindex:1)
2023-10-27 03:24:58,059 [INFO] PluginManage:310 - Check plugin pinoutconfig
2023-10-27 03:24:58,304 [WARN] SupportedApi:132 - Cannot load RTOS API schema: s4s-elt-must-match.1: The content of 'definitions' must match (annotation?, (simpleType | complexType)?, (unique | key | keyref)*)). A problem was found starting at: attribute.
2023-10-27 03:24:58,542 [INFO] PluginManage:359 - Loaded plugin pinoutconfig (category:base,tabindex:0)
2023-10-27 03:24:58,542 [INFO] PluginManage:310 - Check plugin power
2023-10-27 03:24:58,618 [INFO] PluginManage:359 - Loaded plugin power (category:power,tabindex:4)
2023-10-27 03:24:58,618 [INFO] PluginManage:310 - Check plugin projectmanager
2023-10-27 03:24:58,651 [INFO] PluginManage:359 - Loaded plugin projectmanager (category:projectmanager,tabindex:3)
2023-10-27 03:24:58,651 [INFO] PluginManage:310 - Check plugin thirdparty
2023-10-27 03:24:59,104 [WARN] IntegrityCheckThread:84 - waiting for thirdparty lock release [integrity check]
2023-10-27 03:24:59,104 [INFO] PluginManage:359 - Loaded plugin thirdparty (category:base,tabindex:-1)
2023-10-27 03:24:59,104 [INFO] IntegrityCheckThread:86 - entering critical section [integrity check]
2023-10-27 03:24:59,104 [INFO] PluginManage:310 - Check plugin tools
2023-10-27 03:24:59,105 [INFO] ThirdPartyUpdaterWithRetryManager:70 - Updater plugin not ready yet. [1/15]
2023-10-27 03:24:59,147 [INFO] PluginManage:359 - Loaded plugin tools (category:base,tabindex:7)
2023-10-27 03:24:59,148 [INFO] PluginManage:310 - Check plugin tutovideos
2023-10-27 03:24:59,648 [INFO] PluginManage:359 - Loaded plugin tutovideos (category:base,tabindex:-1)
2023-10-27 03:24:59,649 [INFO] PluginManage:310 - Check plugin updater
2023-10-27 03:24:59,675 [INFO] PluginManage:359 - Loaded plugin updater (category:base,tabindex:12)
2023-10-27 03:24:59,676 [INFO] PluginManage:310 - Check plugin userauth
2023-10-27 03:24:59,696 [INFO] UserAuth:113 - Init User Auth plugin
2023-10-27 03:24:59,696 [INFO] PluginManage:359 - Loaded plugin userauth (category:base,tabindex:14)
2023-10-27 03:24:59,697 [INFO] PluginManage:283 - PluginManage : Loaded plugins [17]
2023-10-27 03:25:00,363 [INFO] PinOutPanel:1499 - setPackage(No Configuration,No Configuration)
2023-10-27 03:25:00,581 [INFO] CADModel:165 - CPN selected for project level
2023-10-27 03:25:00,581 [INFO] CADModel:114 - Register for checkConnection events
2023-10-27 03:25:00,644 [INFO] IPUIPlugin:80 - create IPUIPlugin
2023-10-27 03:25:00,645 [INFO] PluginManager:220 - loadIPPluginJar : add adc
2023-10-27 03:25:00,703 [INFO] IPUIPlugin:80 - create IPUIPlugin
2023-10-27 03:25:00,703 [INFO] PluginManager:220 - loadIPPluginJar : add aes
2023-10-27 03:25:00,817 [INFO] IPUIPlugin:80 - create IPUIPlugin
2023-10-27 03:25:00,817 [INFO] PluginManager:220 - loadIPPluginJar : add can
2023-10-27 03:25:00,912 [INFO] IPUIPlugin:80 - create IPUIPlugin
2023-10-27 03:25:00,912 [INFO] PluginManager:220 - loadIPPluginJar : add comp
2023-10-27 03:25:00,975 [INFO] IPUIPlugin:80 - create IPUIPlugin
2023-10-27 03:25:00,975 [INFO] PluginManager:220 - loadIPPluginJar : add cryp
2023-10-27 03:25:01,023 [INFO] IPUIPlugin:80 - create IPUIPlugin
2023-10-27 03:25:01,023 [INFO] PluginManager:220 - loadIPPluginJar : add dfsdm
2023-10-27 03:25:01,058 [INFO] IPUIPlugin:80 - create IPUIPlugin
2023-10-27 03:25:01,071 [INFO] PluginManager:220 - loadIPPluginJar : add dma
2023-10-27 03:25:01,165 [INFO] IPUIPlugin:80 - create IPUIPlugin
2023-10-27 03:25:01,165 [INFO] PluginManager:220 - loadIPPluginJar : add dma3
2023-10-27 03:25:01,196 [INFO] IPUIPlugin:80 - create IPUIPlugin
2023-10-27 03:25:01,196 [INFO] PluginManager:220 - loadIPPluginJar : add fatfs
2023-10-27 03:25:01,283 [INFO] IPUIPlugin:80 - create IPUIPlugin
2023-10-27 03:25:01,284 [INFO] PluginManager:220 - loadIPPluginJar : add fmc
2023-10-27 03:25:01,385 [INFO] IPUIPlugin:80 - create IPUIPlugin
2023-10-27 03:25:01,386 [INFO] PluginManager:220 - loadIPPluginJar : add freertos
2023-10-27 03:25:01,431 [INFO] IPUIPlugin:80 - create IPUIPlugin
2023-10-27 03:25:01,431 [INFO] PluginManager:220 - loadIPPluginJar : add genericplugin
2023-10-27 03:25:01,577 [INFO] IPUIPlugin:80 - create IPUIPlugin
2023-10-27 03:25:01,577 [INFO] PluginManager:220 - loadIPPluginJar : add gfxmmu
2023-10-27 03:25:01,793 [INFO] IPUIPlugin:80 - create IPUIPlugin
2023-10-27 03:25:01,794 [INFO] PluginManager:220 - loadIPPluginJar : add gic
2023-10-27 03:25:01,812 [INFO] IPUIPlugin:80 - create IPUIPlugin
2023-10-27 03:25:01,813 [INFO] PluginManager:220 - loadIPPluginJar : add gpio
2023-10-27 03:25:01,962 [INFO] IPUIPlugin:80 - create IPUIPlugin
2023-10-27 03:25:01,962 [INFO] PluginManager:220 - loadIPPluginJar : add gtzc
2023-10-27 03:25:02,007 [INFO] IPUIPlugin:80 - create IPUIPlugin
2023-10-27 03:25:02,007 [INFO] PluginManager:220 - loadIPPluginJar : add hash
2023-10-27 03:25:02,076 [INFO] IPUIPlugin:80 - create IPUIPlugin
2023-10-27 03:25:02,076 [INFO] PluginManager:220 - loadIPPluginJar : add i2c
2023-10-27 03:25:02,115 [INFO] ThirdPartyUpdaterWithRetryManager:70 - Updater plugin not ready yet. [2/15]
2023-10-27 03:25:02,123 [INFO] IPUIPlugin:80 - create IPUIPlugin
2023-10-27 03:25:02,123 [INFO] PluginManager:220 - loadIPPluginJar : add i2s
2023-10-27 03:25:02,195 [INFO] IPUIPlugin:80 - create IPUIPlugin
2023-10-27 03:25:02,196 [INFO] PluginManager:220 - loadIPPluginJar : add i3c
2023-10-27 03:25:02,343 [INFO] IPUIPlugin:80 - create IPUIPlugin
2023-10-27 03:25:02,343 [INFO] PluginManager:220 - loadIPPluginJar : add ipddr
2023-10-27 03:25:02,490 [INFO] IPUIPlugin:80 - create IPUIPlugin
2023-10-27 03:25:02,490 [INFO] PluginManager:220 - loadIPPluginJar : add linkedlist
2023-10-27 03:25:02,545 [INFO] IPUIPlugin:80 - create IPUIPlugin
2023-10-27 03:25:02,545 [INFO] PluginManager:220 - loadIPPluginJar : add lorawan
2023-10-27 03:25:02,621 [INFO] IPUIPlugin:80 - create IPUIPlugin
2023-10-27 03:25:02,621 [INFO] PluginManager:220 - loadIPPluginJar : add ltdc
2023-10-27 03:25:02,773 [INFO] IPUIPlugin:80 - create IPUIPlugin
2023-10-27 03:25:02,773 [INFO] PluginManager:220 - loadIPPluginJar : add mdma
2023-10-27 03:25:02,802 [INFO] IPUIPlugin:80 - create IPUIPlugin
2023-10-27 03:25:02,802 [INFO] PluginManager:220 - loadIPPluginJar : add nvic
2023-10-27 03:25:02,842 [INFO] IPUIPlugin:80 - create IPUIPlugin
2023-10-27 03:25:02,842 [INFO] PluginManager:220 - loadIPPluginJar : add opamp
2023-10-27 03:25:02,950 [INFO] IPUIPlugin:80 - create IPUIPlugin
2023-10-27 03:25:02,950 [INFO] PluginManager:220 - loadIPPluginJar : add openamp
2023-10-27 03:25:03,009 [INFO] IPUIPlugin:80 - create IPUIPlugin
2023-10-27 03:25:03,010 [INFO] PluginManager:220 - loadIPPluginJar : add pdm2pcm
2023-10-27 03:25:03,026 [INFO] IPUIPlugin:80 - create IPUIPlugin
2023-10-27 03:25:03,029 [INFO] PluginManager:220 - loadIPPluginJar : add plateformsettings
2023-10-27 03:25:03,051 [INFO] IPUIPlugin:80 - create IPUIPlugin
2023-10-27 03:25:03,051 [INFO] PluginManager:220 - loadIPPluginJar : add quadspi
2023-10-27 03:25:03,076 [INFO] IPUIPlugin:80 - create IPUIPlugin
2023-10-27 03:25:03,076 [INFO] PluginManager:220 - loadIPPluginJar : add resmgrutility
2023-10-27 03:25:03,133 [INFO] IPUIPlugin:80 - create IPUIPlugin
2023-10-27 03:25:03,133 [INFO] PluginManager:220 - loadIPPluginJar : add sai
2023-10-27 03:25:03,184 [INFO] IPUIPlugin:80 - create IPUIPlugin
2023-10-27 03:25:03,184 [INFO] PluginManager:220 - loadIPPluginJar : add spi
2023-10-27 03:25:03,268 [INFO] IPUIPlugin:80 - create IPUIPlugin
2023-10-27 03:25:03,268 [INFO] PluginManager:220 - loadIPPluginJar : add stm32_wpan
2023-10-27 03:25:03,292 [INFO] IPUIPlugin:80 - create IPUIPlugin
2023-10-27 03:25:03,293 [INFO] PluginManager:220 - loadIPPluginJar : add tim
2023-10-27 03:25:03,349 [INFO] IPUIPlugin:80 - create IPUIPlugin
2023-10-27 03:25:03,349 [INFO] PluginManager:220 - loadIPPluginJar : add touchsensing
2023-10-27 03:25:03,369 [INFO] IPUIPlugin:80 - create IPUIPlugin
2023-10-27 03:25:03,370 [INFO] PluginManager:220 - loadIPPluginJar : add tracer_emb
2023-10-27 03:25:03,397 [INFO] IPUIPlugin:80 - create IPUIPlugin
2023-10-27 03:25:03,397 [INFO] PluginManager:220 - loadIPPluginJar : add ts
2023-10-27 03:25:03,419 [INFO] IPUIPlugin:80 - create IPUIPlugin
2023-10-27 03:25:03,419 [INFO] PluginManager:220 - loadIPPluginJar : add tsc
2023-10-27 03:25:03,439 [INFO] IPUIPlugin:80 - create IPUIPlugin
2023-10-27 03:25:03,439 [INFO] PluginManager:220 - loadIPPluginJar : add ucpd
2023-10-27 03:25:03,483 [INFO] IPUIPlugin:80 - create IPUIPlugin
2023-10-27 03:25:03,484 [INFO] PluginManager:220 - loadIPPluginJar : add usart
2023-10-27 03:25:03,526 [INFO] IPUIPlugin:80 - create IPUIPlugin
2023-10-27 03:25:03,526 [INFO] PluginManager:220 - loadIPPluginJar : add usbx
2023-10-27 03:25:03,685 [INFO] CADModel:165 - CPN selected for project level
2023-10-27 03:25:03,686 [INFO] CADModel:114 - Register for checkConnection events
2023-10-27 03:25:03,686 [FATAL] Updater:308 - Updater called before beeing initialized
2023-10-27 03:25:03,687 [ERROR] CADModel:125 - Updater not yet initialized, retry later 
2023-10-27 03:25:04,076 [INFO] CADModel:165 - CPN selected for project level
2023-10-27 03:25:04,077 [INFO] CADModel:114 - Register for checkConnection events
2023-10-27 03:25:04,077 [FATAL] Updater:308 - Updater called before beeing initialized
2023-10-27 03:25:04,078 [ERROR] CADModel:125 - Updater not yet initialized, retry later 
2023-10-27 03:25:04,091 [FATAL] Updater:308 - Updater called before beeing initialized
2023-10-27 03:25:04,233 [FATAL] Updater:308 - Updater called before beeing initialized
2023-10-27 03:25:04,240 [INFO] DbMcusAds:53 - JSON generation date=Tue Mar 07 15:50:55 GMT+07:00 2023 (1678179055114)
2023-10-27 03:25:04,241 [FATAL] Updater:308 - Updater called before beeing initialized
2023-10-27 03:25:04,409 [WARN] DetailPanel:346 - Failed to get advertising image, set to default
2023-10-27 03:25:04,515 [FATAL] Updater:308 - Updater called before beeing initialized
2023-10-27 03:25:04,517 [FATAL] Updater:308 - Updater called before beeing initialized
2023-10-27 03:25:04,517 [FATAL] Updater:308 - Updater called before beeing initialized
2023-10-27 03:25:04,517 [WARN] DetailPanel:346 - Failed to get advertising image, set to default
2023-10-27 03:25:04,518 [FATAL] Updater:308 - Updater called before beeing initialized
2023-10-27 03:25:04,649 [ERROR] Updater:1120 - MainUpdater not yet initialized. External WinMGr cannot be set.
2023-10-27 03:25:04,679 [INFO] Updater:1056 - Updater Version found : 6.9.0
2023-10-27 03:25:04,726 [INFO] ApplicationProperties:184 - Using Application install path: E:\stm32CubMX\doo\ST\STM32CubeIDE_1.13.0\STM32CubeIDE\plugins\com.st.stm32cube.common.mx_6.9.0.202307051724
2023-10-27 03:25:04,875 [INFO] MainUpdater:2868 - connection check result : 10
2023-10-27 03:25:04,876 [INFO] MainUpdater:285 - Updater Check For Update Now.
2023-10-27 03:25:04,876 [INFO] MicroXplorer:498 - Change Database Version : DB.6.0.90
2023-10-27 03:25:04,894 [INFO] McuFinderGlobals:63 - Set McuFinder mode to 2 (CubeIDE integrated)
2023-10-27 03:25:04,894 [INFO] UserAuth:179 - activating auth plugin
2023-10-27 03:25:04,913 [INFO] UserAuth:393 - Internet connection configuration mode: 1
2023-10-27 03:25:05,000 [INFO] JxBrowserEngine:151 - Initiate JxBrowser Engine with user profile folder
2023-10-27 03:25:05,121 [INFO] CheckServerUpdateThread:120 - End of CheckServer Thread
2023-10-27 03:25:05,336 [WARN] PackLoader:240 - Cannot read IP mode file for STMicroelectronics.X-CUBE-SMBUS.2.1.0
2023-10-27 03:25:05,380 [WARN] PackLoader:240 - Cannot read IP mode file for STMicroelectronics.X-CUBE-AZRTOS-F7.1.1.0
2023-10-27 03:25:05,395 [WARN] PackLoader:240 - Cannot read IP mode file for STMicroelectronics.FP-SNS-MOTENV1.4.3.2
2023-10-27 03:25:05,407 [WARN] PackLoader:240 - Cannot read IP mode file for STMicroelectronics.FP-SNS-FLIGHT1.5.0.2
2023-10-27 03:25:05,422 [WARN] PackLoader:240 - Cannot read IP mode file for STMicroelectronics.X-CUBE-DISPLAY.3.0.0
2023-10-27 03:25:05,438 [WARN] PackLoader:240 - Cannot read IP mode file for STMicroelectronics.X-CUBE-BLE1.7.0.0
2023-10-27 03:25:05,446 [WARN] PackLoader:240 - Cannot read IP mode file for emotas.I-CUBE-CANOPEN.1.3.0
2023-10-27 03:25:05,451 [WARN] PackLoader:240 - Cannot read IP mode file for STMicroelectronics.X-CUBE-TOUCHGFX.4.22.0
2023-10-27 03:25:05,455 [WARN] PackLoader:240 - Cannot read IP mode file for STMicroelectronics.X-CUBE-TOUCHGFX.4.22.1
2023-10-27 03:25:05,461 [WARN] PackLoader:240 - Cannot read IP mode file for STMicroelectronics.FP-SNS-SMARTAG2.1.2.0
2023-10-27 03:25:05,474 [INFO] LogOutputStream:77 - [STDOUT_REDIRECT] 1 : Invalid condition id : UX_CORESTACK_Condition cause : null
2023-10-27 03:25:05,475 [INFO] LogOutputStream:77 - [STDOUT_REDIRECT] 1 : Invalid condition id : UX_CORESTACK_Condition cause : null
2023-10-27 03:25:05,477 [INFO] LogOutputStream:77 - [STDOUT_REDIRECT] 1 : Invalid condition id : UX_CORESTACK_Condition cause : null
2023-10-27 03:25:05,478 [INFO] LogOutputStream:77 - [STDOUT_REDIRECT] 1 : Invalid condition id : UX_CORESTACK_Condition cause : null
2023-10-27 03:25:05,480 [INFO] LogOutputStream:77 - [STDOUT_REDIRECT] 1 : Invalid condition id : UX_CORESTACK_Condition cause : null
2023-10-27 03:25:05,485 [WARN] PackLoader:240 - Cannot read IP mode file for STMicroelectronics.X-CUBE-AZRTOS-WL.2.0.0
2023-10-27 03:25:05,498 [WARN] PackLoader:240 - Cannot read IP mode file for WES.I-CUBE-Cesium.1.3.0
2023-10-27 03:25:05,504 [WARN] PackLoader:240 - Cannot read IP mode file for STMicroelectronics.X-CUBE-BLE2.3.3.0
2023-10-27 03:25:05,516 [WARN] PackLoader:240 - Cannot read IP mode file for STMicroelectronics.X-CUBE-ALGOBUILD.1.3.0
2023-10-27 03:25:05,551 [WARN] PackLoader:240 - Cannot read IP mode file for STMicroelectronics.X-CUBE-AZRTOS-G0.1.1.0
2023-10-27 03:25:05,564 [WARN] PackLoader:240 - Cannot read IP mode file for STMicroelectronics.X-CUBE-NFC4.3.0.0
2023-10-27 03:25:05,570 [WARN] PackLoader:240 - Cannot read IP mode file for STMicroelectronics.FP-ATR-SIGFOX1.3.2.0
2023-10-27 03:25:05,627 [WARN] PackLoader:240 - Cannot read IP mode file for SEGGER.I-CUBE-embOS.1.3.1
2023-10-27 03:25:05,682 [WARN] PackLoader:240 - Cannot read IP mode file for STMicroelectronics.X-CUBE-GNSS1.6.0.0
2023-10-27 03:25:05,705 [WARN] PackLoader:240 - Cannot read IP mode file for STMicroelectronics.X-CUBE-AZRTOS-F4.1.1.0
2023-10-27 03:25:05,714 [WARN] PackLoader:240 - Cannot read IP mode file for wolfSSL.I-CUBE-wolfSSL.5.6.3
2023-10-27 03:25:05,737 [WARN] PackLoader:240 - Cannot read IP mode file for STMicroelectronics.X-CUBE-AZRTOS-L5.2.0.0
2023-10-27 03:25:05,793 [WARN] PackLoader:240 - Cannot read IP mode file for STMicroelectronics.X-CUBE-MEMS1.9.6.0
2023-10-27 03:25:05,972 [WARN] PackLoader:240 - Cannot read IP mode file for STMicroelectronics.X-CUBE-EEPRMA1.4.2.0
2023-10-27 03:25:05,981 [WARN] PackLoader:240 - Cannot read IP mode file for ITTIA_DB.I-CUBE-ITTIADB.8.8.0
2023-10-27 03:25:05,991 [WARN] PackLoader:240 - Cannot read IP mode file for STMicroelectronics.X-CUBE-BLEMGR.2.0.0
2023-10-27 03:25:06,008 [WARN] ConditionMgr:438 - getConditionDescription Invalid condition id : UX DEVICE CLASS RTOS Condition cause : null
2023-10-27 03:25:06,008 [WARN] ConditionMgr:438 - getConditionDescription Invalid condition id : UX DEVICE CLASS RTOS Condition cause : null
2023-10-27 03:25:06,012 [WARN] PackLoader:240 - Cannot read IP mode file for STMicroelectronics.X-CUBE-AZRTOS-H7.3.1.0
2023-10-27 03:25:06,013 [WARN] ConditionMgr:1039 - genDependencies : Invalid condition id : UX DEVICE CLASS RTOS Condition cause : null
2023-10-27 03:25:06,013 [WARN] ConditionMgr:1039 - genDependencies : Invalid condition id : UX DEVICE CLASS RTOS Condition cause : null
2023-10-27 03:25:06,013 [WARN] ConditionMgr:1039 - genDependencies : Invalid condition id : UX DEVICE CLASS RTOS Condition cause : null
2023-10-27 03:25:06,013 [WARN] ConditionMgr:1039 - genDependencies : Invalid condition id : UX DEVICE CLASS RTOS Condition cause : null
2023-10-27 03:25:06,014 [WARN] ConditionMgr:1039 - genDependencies : Invalid condition id : UX DEVICE CLASS RTOS Condition cause : null
2023-10-27 03:25:06,020 [WARN] PackLoader:240 - Cannot read IP mode file for STMicroelectronics.X-CUBE-NFC7.1.0.1
2023-10-27 03:25:06,029 [WARN] PackLoader:240 - Cannot read IP mode file for STMicroelectronics.X-CUBE-NFC6.3.0.0
2023-10-27 03:25:06,036 [WARN] PackLoader:240 - Cannot read IP mode file for STMicroelectronics.X-CUBE-EEPRMA1.4.1.0
2023-10-27 03:25:06,042 [WARN] PackLoader:240 - Cannot read IP mode file for STMicroelectronics.X-CUBE-AI.8.1.0
2023-10-27 03:25:06,060 [WARN] ConditionMgr:438 - getConditionDescription Invalid condition id : LAN8742 Phy interface Condition cause : null
2023-10-27 03:25:06,060 [WARN] PackLoader:240 - Cannot read IP mode file for STMicroelectronics.X-CUBE-AZRTOS-L4.2.0.0
2023-10-27 03:25:06,061 [WARN] ConditionMgr:1039 - genDependencies : Invalid condition id : LAN8742 Phy interface Condition cause : null
2023-10-27 03:25:06,062 [WARN] ConditionMgr:1039 - genDependencies : Invalid condition id : LAN8742 Phy interface Condition cause : null
2023-10-27 03:25:06,062 [WARN] ConditionMgr:1039 - genDependencies : Invalid condition id : LAN8742 Phy interface Condition cause : null
2023-10-27 03:25:06,069 [WARN] PackLoader:240 - Cannot read IP mode file for STMicroelectronics.X-CUBE-SFXS2LP1.4.0.0
2023-10-27 03:25:06,075 [WARN] PackLoader:240 - Cannot read IP mode file for STMicroelectronics.X-CUBE-ISPU.1.1.0
2023-10-27 03:25:06,087 [WARN] ConditionMgr:438 - getConditionDescription Invalid condition id : UX DEVICE CLASS RTOS Condition cause : null
2023-10-27 03:25:06,087 [WARN] ConditionMgr:438 - getConditionDescription Invalid condition id : UX DEVICE CLASS RTOS Condition cause : null
2023-10-27 03:25:06,091 [WARN] PackLoader:240 - Cannot read IP mode file for STMicroelectronics.X-CUBE-AZRTOS-WB.2.0.0
2023-10-27 03:25:06,091 [WARN] ConditionMgr:1039 - genDependencies : Invalid condition id : UX DEVICE CLASS RTOS Condition cause : null
2023-10-27 03:25:06,091 [WARN] ConditionMgr:1039 - genDependencies : Invalid condition id : UX DEVICE CLASS RTOS Condition cause : null
2023-10-27 03:25:06,092 [WARN] ConditionMgr:1039 - genDependencies : Invalid condition id : UX DEVICE CLASS RTOS Condition cause : null
2023-10-27 03:25:06,092 [WARN] ConditionMgr:1039 - genDependencies : Invalid condition id : UX DEVICE CLASS RTOS Condition cause : null
2023-10-27 03:25:06,092 [WARN] ConditionMgr:1039 - genDependencies : Invalid condition id : UX DEVICE CLASS RTOS Condition cause : null
2023-10-27 03:25:06,103 [WARN] PackLoader:240 - Cannot read IP mode file for STMicroelectronics.X-CUBE-SUBG2.5.0.0
2023-10-27 03:25:06,118 [WARN] PackLoader:240 - Cannot read IP mode file for STMicroelectronics.X-CUBE-TOF1.3.3.1
2023-10-27 03:25:06,144 [WARN] PackLoader:240 - Cannot read IP mode file for STMicroelectronics.X-CUBE-AZRTOS-G4.2.0.0
2023-10-27 03:25:06,158 [WARN] PackLoader:240 - Cannot read IP mode file for Infineon.AIROC-Wi-Fi-Bluetooth-STM32.1.5.1
2023-10-27 03:25:06,235 [WARN] PackLoader:240 - Cannot read IP mode file for STMicroelectronics.X-CUBE-MEMS1.10.0.0
2023-10-27 03:25:06,412 [WARN] PackLoader:240 - Cannot read IP mode file for STMicroelectronics.X-CUBE-FREERTOS.1.1.0
2023-10-27 03:25:06,418 [WARN] PackLoader:240 - Cannot read IP mode file for portGmbH.I-Cube-SoM-uGOAL.1.1.0
2023-10-27 03:25:06,429 [WARN] PackLoader:240 - Cannot read IP mode file for STMicroelectronics.X-CUBE-ALS.1.0.1
2023-10-27 03:25:06,434 [WARN] PackLoader:240 - Cannot read IP mode file for STMicroelectronics.FP-ATR-ASTRA1.2.0.0
2023-10-27 03:25:06,435 [INFO] ThirdParty:978 - Integrity check success = true
2023-10-27 03:25:06,436 [INFO] IntegrityCheckThread:100 - exiting critical section [integrity check]
2023-10-27 03:25:06,436 [INFO] IntegrityCheckThread:103 - End integrity checks thread
2023-10-27 03:25:08,033 [INFO] WebApp:157 - Instantiating new browser for Auth
2023-10-27 03:25:08,731 [INFO] WebApp:753 - Register for checkConnection events
2023-10-27 03:25:08,732 [INFO] WebApp:390 - Apply proxy settings
2023-10-27 03:25:08,732 [INFO] WebApp:475 - Chromium requires no authentication
2023-10-27 03:25:08,742 [INFO] WebApp:418 - Direct internet connection detected
2023-10-27 03:25:08,913 [INFO] WebApp:188 - Starting web application
2023-10-27 03:25:08,913 [INFO] WebApp:520 - Web application path used E:\stm32CubMX\doo\ST\STM32CubeIDE_1.13.0\STM32CubeIDE\plugins\com.st.stm32cube.common.mx_6.9.0.202307051724\db\plugins\mcufinder\reactClient1\index.html
2023-10-27 03:25:30,600 [ERROR] LogOutputStream:75 - [STDERR_REDIRECT] SLF4J: Failed to load class "org.slf4j.impl.StaticLoggerBinder".
2023-10-27 03:25:30,600 [ERROR] LogOutputStream:75 - [STDERR_REDIRECT] SLF4J: Defaulting to no-operation (NOP) logger implementation
2023-10-27 03:25:30,601 [ERROR] LogOutputStream:75 - [STDERR_REDIRECT] SLF4J: See http://www.slf4j.org/codes.html#StaticLoggerBinder for further details.
2023-10-27 04:41:37,065 [ERROR] LogOutputStream:75 - [STDERR_REDIRECT] 
