2023-12-01 20:45:53,807 [INFO] Activator:177 - 


2023-12-01 20:45:53,809 [INFO] Activator:178 - !SESSION log4j initialized
2023-12-01 20:46:20,752 [ERROR] LogOutputStream:74 - [STDERR_REDIRECT] [Fatal Error] :4038:4047: Premature end of file.
2023-12-01 20:46:20,753 [ERROR] LogOutputStream:74 - [STDERR_REDIRECT] 
2023-12-01 20:46:20,780 [ERROR] LogOutputStream:74 - [STDERR_REDIRECT] [Fatal Error] :4038:4047: Premature end of file.
2023-12-01 20:46:20,781 [ERROR] LogOutputStream:74 - [STDERR_REDIRECT] 
2023-12-01 20:46:20,805 [ERROR] LogOutputStream:74 - [STDERR_REDIRECT] [Fatal Error] :4038:4047: Premature end of file.
2023-12-01 20:46:20,809 [ERROR] LogOutputStream:74 - [STDERR_REDIRECT] 
2023-12-02 16:52:31,588 [INFO] Activator:177 - 


2023-12-02 16:52:31,590 [INFO] Activator:178 - !SESSION log4j initialized
2023-12-02 16:52:57,977 [ERROR] LogOutputStream:74 - [STDERR_REDIRECT] [Fatal Error] :4038:4047: Premature end of file.
2023-12-02 16:52:57,978 [ERROR] LogOutputStream:74 - [STDERR_REDIRECT] 
2023-12-02 16:52:58,016 [ERROR] LogOutputStream:74 - [STDERR_REDIRECT] [Fatal Error] :4038:4047: Premature end of file.
2023-12-02 16:52:58,017 [ERROR] LogOutputStream:74 - [STDERR_REDIRECT] 
2023-12-02 16:52:58,039 [ERROR] LogOutputStream:74 - [STDERR_REDIRECT] [Fatal Error] :4038:4047: Premature end of file.
2023-12-02 16:52:58,039 [ERROR] LogOutputStream:74 - [STDERR_REDIRECT] 
2023-12-02 18:12:58,480 [INFO] Activator:177 - 


2023-12-02 18:12:58,482 [INFO] Activator:178 - !SESSION log4j initialized
2023-12-02 18:13:27,524 [ERROR] LogOutputStream:74 - [STDERR_REDIRECT] [Fatal Error] :4038:4047: Premature end of file.
2023-12-02 18:13:27,526 [ERROR] LogOutputStream:74 - [STDERR_REDIRECT] 
2023-12-02 18:13:27,551 [ERROR] LogOutputStream:74 - [STDERR_REDIRECT] [Fatal Error] :4038:4047: Premature end of file.
2023-12-02 18:13:27,551 [ERROR] LogOutputStream:74 - [STDERR_REDIRECT] 
2023-12-02 18:13:27,574 [ERROR] LogOutputStream:74 - [STDERR_REDIRECT] [Fatal Error] :4038:4047: Premature end of file.
2023-12-02 18:13:27,575 [ERROR] LogOutputStream:74 - [STDERR_REDIRECT] 
2023-12-05 18:36:12,596 [INFO] Activator:177 - 


2023-12-05 18:36:12,598 [INFO] Activator:178 - !SESSION log4j initialized
2023-12-05 19:14:05,226 [INFO] Activator:177 - 


2023-12-05 19:14:05,227 [INFO] Activator:178 - !SESSION log4j initialized
2023-12-05 19:14:38,155 [ERROR] LogOutputStream:74 - [STDERR_REDIRECT] [Fatal Error] :4038:4047: Premature end of file.
2023-12-05 19:14:38,156 [ERROR] LogOutputStream:74 - [STDERR_REDIRECT] 
2023-12-05 19:14:38,187 [ERROR] LogOutputStream:74 - [STDERR_REDIRECT] [Fatal Error] :4038:4047: Premature end of file.
2023-12-05 19:14:38,188 [ERROR] LogOutputStream:74 - [STDERR_REDIRECT] 
2023-12-05 19:14:38,214 [ERROR] LogOutputStream:74 - [STDERR_REDIRECT] [Fatal Error] :4038:4047: Premature end of file.
2023-12-05 19:14:38,215 [ERROR] LogOutputStream:74 - [STDERR_REDIRECT] 
2023-12-05 19:32:33,174 [INFO] Activator:177 - 


2023-12-05 19:32:33,175 [INFO] Activator:178 - !SESSION log4j initialized
2023-12-05 19:32:58,175 [INFO] Activator:177 - 


2023-12-05 19:32:58,177 [INFO] Activator:178 - !SESSION log4j initialized
2023-12-05 19:33:24,200 [ERROR] LogOutputStream:74 - [STDERR_REDIRECT] [Fatal Error] :4038:4047: Premature end of file.
2023-12-05 19:33:24,201 [ERROR] LogOutputStream:74 - [STDERR_REDIRECT] 
2023-12-05 19:33:24,226 [ERROR] LogOutputStream:74 - [STDERR_REDIRECT] [Fatal Error] :4038:4047: Premature end of file.
2023-12-05 19:33:24,227 [ERROR] LogOutputStream:74 - [STDERR_REDIRECT] 
2023-12-05 19:33:24,249 [ERROR] LogOutputStream:74 - [STDERR_REDIRECT] [Fatal Error] :4038:4047: Premature end of file.
2023-12-05 19:33:24,250 [ERROR] LogOutputStream:74 - [STDERR_REDIRECT] 
2023-12-07 20:44:06,538 [INFO] Activator:177 - 


2023-12-07 20:44:06,540 [INFO] Activator:178 - !SESSION log4j initialized
2023-12-07 20:44:36,409 [ERROR] LogOutputStream:74 - [STDERR_REDIRECT] [Fatal Error] :4038:4047: Premature end of file.
2023-12-07 20:44:36,410 [ERROR] LogOutputStream:74 - [STDERR_REDIRECT] 
2023-12-07 20:44:36,436 [ERROR] LogOutputStream:74 - [STDERR_REDIRECT] [Fatal Error] :4038:4047: Premature end of file.
2023-12-07 20:44:36,437 [ERROR] LogOutputStream:74 - [STDERR_REDIRECT] 
2023-12-07 20:44:36,460 [ERROR] LogOutputStream:74 - [STDERR_REDIRECT] [Fatal Error] :4038:4047: Premature end of file.
2023-12-07 20:44:36,460 [ERROR] LogOutputStream:74 - [STDERR_REDIRECT] 
2023-12-18 19:15:58,995 [INFO] Activator:177 - 


2023-12-18 19:15:58,997 [INFO] Activator:178 - !SESSION log4j initialized
2023-12-18 19:16:26,373 [ERROR] LogOutputStream:74 - [STDERR_REDIRECT] [Fatal Error] :4038:4047: Premature end of file.
2023-12-18 19:16:26,374 [ERROR] LogOutputStream:74 - [STDERR_REDIRECT] 
2023-12-18 19:16:26,417 [ERROR] LogOutputStream:74 - [STDERR_REDIRECT] [Fatal Error] :4038:4047: Premature end of file.
2023-12-18 19:16:26,417 [ERROR] LogOutputStream:74 - [STDERR_REDIRECT] 
2023-12-18 19:16:26,439 [ERROR] LogOutputStream:74 - [STDERR_REDIRECT] [Fatal Error] :4038:4047: Premature end of file.
2023-12-18 19:16:26,439 [ERROR] LogOutputStream:74 - [STDERR_REDIRECT] 
2023-12-21 18:23:43,340 [INFO] Activator:177 - 


2023-12-21 18:23:43,341 [INFO] Activator:178 - !SESSION log4j initialized
2023-12-21 18:24:10,315 [ERROR] LogOutputStream:74 - [STDERR_REDIRECT] [Fatal Error] :4038:4047: Premature end of file.
2023-12-21 18:24:10,316 [ERROR] LogOutputStream:74 - [STDERR_REDIRECT] 
2023-12-21 18:24:10,340 [ERROR] LogOutputStream:74 - [STDERR_REDIRECT] [Fatal Error] :4038:4047: Premature end of file.
2023-12-21 18:24:10,341 [ERROR] LogOutputStream:74 - [STDERR_REDIRECT] 
2023-12-21 18:24:10,363 [ERROR] LogOutputStream:74 - [STDERR_REDIRECT] [Fatal Error] :4038:4047: Premature end of file.
2023-12-21 18:24:10,363 [ERROR] LogOutputStream:74 - [STDERR_REDIRECT] 
2023-12-23 16:20:05,086 [INFO] Activator:177 - 


2023-12-23 16:20:05,088 [INFO] Activator:178 - !SESSION log4j initialized
2023-12-23 16:20:31,353 [ERROR] LogOutputStream:74 - [STDERR_REDIRECT] [Fatal Error] :4038:4047: Premature end of file.
2023-12-23 16:20:31,355 [ERROR] LogOutputStream:74 - [STDERR_REDIRECT] 
2023-12-23 16:20:31,380 [ERROR] LogOutputStream:74 - [STDERR_REDIRECT] [Fatal Error] :4038:4047: Premature end of file.
2023-12-23 16:20:31,380 [ERROR] LogOutputStream:74 - [STDERR_REDIRECT] 
2023-12-23 16:20:31,402 [ERROR] LogOutputStream:74 - [STDERR_REDIRECT] [Fatal Error] :4038:4047: Premature end of file.
2023-12-23 16:20:31,402 [ERROR] LogOutputStream:74 - [STDERR_REDIRECT] 
2023-12-23 19:20:56,816 [INFO] Activator:177 - 


2023-12-23 19:20:56,818 [INFO] Activator:178 - !SESSION log4j initialized
2023-12-23 19:21:23,339 [ERROR] LogOutputStream:74 - [STDERR_REDIRECT] [Fatal Error] :4038:4047: Premature end of file.
2023-12-23 19:21:23,340 [ERROR] LogOutputStream:74 - [STDERR_REDIRECT] 
2023-12-23 19:21:23,374 [ERROR] LogOutputStream:74 - [STDERR_REDIRECT] [Fatal Error] :4038:4047: Premature end of file.
2023-12-23 19:21:23,374 [ERROR] LogOutputStream:74 - [STDERR_REDIRECT] 
2023-12-23 19:21:23,397 [ERROR] LogOutputStream:74 - [STDERR_REDIRECT] [Fatal Error] :4038:4047: Premature end of file.
2023-12-23 19:21:23,397 [ERROR] LogOutputStream:74 - [STDERR_REDIRECT] 
2023-12-27 00:57:00,789 [INFO] Activator:176 - 


2023-12-27 00:57:00,801 [INFO] Activator:177 - !SESSION log4j initialized
2023-12-27 00:57:13,638 [INFO] LogOutputStream:77 - [STDOUT_REDIRECT] 
2023-12-27 00:57:21,877 [INFO] ApplicationProperties:184 - Using Application install path: E:\stm32CubMX\doo\ST\STM32CubeIDE_1.13.0\STM32CubeIDE\plugins\com.st.stm32cube.common.mx_6.10.0.202311202037
2023-12-27 00:57:21,950 [INFO] DbMcusXml:78 - Set database path to: E:\stm32CubMX\doo\ST\STM32CubeIDE_1.13.0\STM32CubeIDE\plugins\com.st.stm32cube.common.mx_6.10.0.202311202037\\db\/mcu/
2023-12-27 00:57:21,951 [INFO] ApiDb:274 - Set plugin database path to: E:\stm32CubMX\doo\ST\STM32CubeIDE_1.13.0\STM32CubeIDE\plugins\com.st.stm32cube.common.mx_6.10.0.202311202037\\db\/plugins/boardmanager/
2023-12-27 00:57:21,951 [WARN] ApiDb:259 - Overriding images path with different value:  => E:\stm32CubMX\doo\ST\STM32CubeIDE_1.13.0\STM32CubeIDE\plugins\com.st.stm32cube.common.mx_6.10.0.202311202037\\db\/plugins/mcufinder/images/
2023-12-27 00:57:21,981 [INFO] ApiDb:250 - Set database path to: C:\Users\»√Œ–‹\.stmcufinder\plugins\mcufinder//mcu/
2023-12-27 00:57:21,983 [INFO] DbMcusAds:125 - Set database path to: C:\Users\»√Œ–‹\.stmcufinder\plugins\mcufinder//mcu/
2023-12-27 00:57:21,985 [INFO] CrossReferenceDbSqlite:203 - Set database path to: C:\Users\»√Œ–‹\.stmcufinder\plugins\mcufinder//mcu/cs/
2023-12-27 00:57:22,219 [INFO] RulesReader:64 - Compatibility file has been processed (297 Rules)
2023-12-27 00:57:22,364 [INFO] DbMcusXml:78 - Set database path to: E:\stm32CubMX\doo\ST\STM32CubeIDE_1.13.0\STM32CubeIDE\plugins\com.st.stm32cube.common.mx_6.10.0.202311202037\\db\/mcu/
2023-12-27 00:57:22,365 [INFO] ApiDb:274 - Set plugin database path to: E:\stm32CubMX\doo\ST\STM32CubeIDE_1.13.0\STM32CubeIDE\plugins\com.st.stm32cube.common.mx_6.10.0.202311202037\\db\/plugins/boardmanager/
2023-12-27 00:57:22,365 [INFO] ApiDb:261 - Set plugin images path to: E:\stm32CubMX\doo\ST\STM32CubeIDE_1.13.0\STM32CubeIDE\plugins\com.st.stm32cube.common.mx_6.10.0.202311202037\\db\/plugins/mcufinder/images/
2023-12-27 00:57:22,366 [WARN] DbFile:41 - Overriding database path with different value: C:\Users\»√Œ–‹\.stmcufinder\plugins\mcufinder/ => C:\Users\»√Œ–‹\.stmcufinder\plugins\mcufinder
2023-12-27 00:57:22,366 [INFO] ApiDb:250 - Set database path to: C:\Users\»√Œ–‹\.stmcufinder\plugins\mcufinder//mcu/
2023-12-27 00:57:22,366 [WARN] DbFile:41 - Overriding database path with different value: C:\Users\»√Œ–‹\.stmcufinder\plugins\mcufinder/ => C:\Users\»√Œ–‹\.stmcufinder\plugins\mcufinder
2023-12-27 00:57:22,367 [INFO] DbMcusAds:125 - Set database path to: C:\Users\»√Œ–‹\.stmcufinder\plugins\mcufinder//mcu/
2023-12-27 00:57:22,367 [WARN] DbFile:41 - Overriding database path with different value: C:\Users\»√Œ–‹\.stmcufinder\plugins\mcufinder/ => C:\Users\»√Œ–‹\.stmcufinder\plugins\mcufinder
2023-12-27 00:57:22,367 [WARN] DbFile:41 - Overriding database path with different value: C:\Users\»√Œ–‹\.stmcufinder\plugins\mcufinder/ => C:\Users\»√Œ–‹\.stmcufinder\plugins\mcufinder
2023-12-27 00:57:22,367 [INFO] CrossReferenceDbSqlite:203 - Set database path to: C:\Users\»√Œ–‹\.stmcufinder\plugins\mcufinder//mcu/cs/
2023-12-27 00:57:22,504 [INFO] MainPanel:264 - HeapMemory: 268435456
2023-12-27 00:57:22,697 [INFO] DbMcusXml:78 - Set database path to: E:\stm32CubMX\doo\ST\STM32CubeIDE_1.13.0\STM32CubeIDE\plugins\com.st.stm32cube.common.mx_6.10.0.202311202037\\db\/mcu/
2023-12-27 00:57:22,697 [INFO] ApiDb:274 - Set plugin database path to: E:\stm32CubMX\doo\ST\STM32CubeIDE_1.13.0\STM32CubeIDE\plugins\com.st.stm32cube.common.mx_6.10.0.202311202037\\db\/plugins/boardmanager/
2023-12-27 00:57:22,698 [INFO] ApiDb:261 - Set plugin images path to: E:\stm32CubMX\doo\ST\STM32CubeIDE_1.13.0\STM32CubeIDE\plugins\com.st.stm32cube.common.mx_6.10.0.202311202037\\db\/plugins/mcufinder/images/
2023-12-27 00:57:22,698 [WARN] DbFile:41 - Overriding database path with different value: C:\Users\»√Œ–‹\.stmcufinder\plugins\mcufinder/ => C:\Users\»√Œ–‹\.stmcufinder\plugins\mcufinder
2023-12-27 00:57:22,698 [INFO] ApiDb:250 - Set database path to: C:\Users\»√Œ–‹\.stmcufinder\plugins\mcufinder//mcu/
2023-12-27 00:57:22,698 [WARN] DbFile:41 - Overriding database path with different value: C:\Users\»√Œ–‹\.stmcufinder\plugins\mcufinder/ => C:\Users\»√Œ–‹\.stmcufinder\plugins\mcufinder
2023-12-27 00:57:22,698 [INFO] DbMcusAds:125 - Set database path to: C:\Users\»√Œ–‹\.stmcufinder\plugins\mcufinder//mcu/
2023-12-27 00:57:22,698 [WARN] DbFile:41 - Overriding database path with different value: C:\Users\»√Œ–‹\.stmcufinder\plugins\mcufinder/ => C:\Users\»√Œ–‹\.stmcufinder\plugins\mcufinder
2023-12-27 00:57:22,699 [WARN] DbFile:41 - Overriding database path with different value: C:\Users\»√Œ–‹\.stmcufinder\plugins\mcufinder/ => C:\Users\»√Œ–‹\.stmcufinder\plugins\mcufinder
2023-12-27 00:57:22,699 [INFO] CrossReferenceDbSqlite:203 - Set database path to: C:\Users\»√Œ–‹\.stmcufinder\plugins\mcufinder//mcu/cs/
2023-12-27 00:57:22,728 [INFO] ApplicationProperties:184 - Using Application install path: E:\stm32CubMX\doo\ST\STM32CubeIDE_1.13.0\STM32CubeIDE\plugins\com.st.stm32cube.common.mx_6.10.0.202311202037
2023-12-27 00:57:22,730 [INFO] PluginManage:196 - Search for loadable plugins [exclusion list=, ]
2023-12-27 00:57:22,733 [INFO] PluginManage:310 - Check plugin analytics
2023-12-27 00:57:27,552 [INFO] AnalyticsPlugin:253 - Accepted Software Licenses: STM32CubeMX.6.9.0
2023-12-27 00:57:27,552 [INFO] AnalyticsPlugin:255 - Accepted CMSIS Pack Licenses: 
2023-12-27 00:57:27,552 [INFO] AnalyticsPlugin:257 - Accepted Firmware Licenses: FW.F4.1.27.0
2023-12-27 00:57:27,553 [INFO] PluginManage:359 - Loaded plugin analytics (category:tool,tabindex:-1)
2023-12-27 00:57:27,553 [INFO] PluginManage:310 - Check plugin cadmodel
2023-12-27 00:57:27,618 [INFO] CADModel:105 - Init CAD model plugin
2023-12-27 00:57:27,618 [INFO] PluginManage:359 - Loaded plugin cadmodel (category:power,tabindex:5)
2023-12-27 00:57:27,618 [INFO] PluginManage:310 - Check plugin clock
2023-12-27 00:57:27,648 [INFO] PluginManage:359 - Loaded plugin clock (category:base,tabindex:2)
2023-12-27 00:57:27,648 [INFO] PluginManage:310 - Check plugin ddr
2023-12-27 00:57:27,673 [INFO] PluginManage:359 - Loaded plugin ddr (category:tool,tabindex:6)
2023-12-27 00:57:27,673 [INFO] PluginManage:310 - Check plugin filemanager
2023-12-27 00:57:27,827 [INFO] PluginManage:359 - Loaded plugin filemanager (category:base,tabindex:10)
2023-12-27 00:57:27,827 [INFO] PluginManage:310 - Check plugin ipmanager
2023-12-27 00:57:27,846 [INFO] PluginManage:359 - Loaded plugin ipmanager (category:base,tabindex:5)
2023-12-27 00:57:27,846 [INFO] PluginManage:310 - Check plugin lpbam
2023-12-27 00:57:27,884 [INFO] PluginManage:359 - Loaded plugin lpbam (category:base,tabindex:0)
2023-12-27 00:57:27,884 [INFO] PluginManage:310 - Check plugin memorymap
2023-12-27 00:57:27,935 [INFO] PluginManage:359 - Loaded plugin memorymap (category:base,tabindex:4)
2023-12-27 00:57:27,936 [INFO] PluginManage:310 - Check plugin pinoutandconfiguration
2023-12-27 00:57:27,966 [INFO] PluginManage:359 - Loaded plugin pinoutandconfiguration (category:base,tabindex:1)
2023-12-27 00:57:27,966 [INFO] PluginManage:310 - Check plugin pinoutconfig
2023-12-27 00:57:28,195 [WARN] SupportedApi:132 - Cannot load RTOS API schema: s4s-elt-must-match.1: The content of 'definitions' must match (annotation?, (simpleType | complexType)?, (unique | key | keyref)*)). A problem was found starting at: attribute.
2023-12-27 00:57:28,353 [INFO] PluginManage:359 - Loaded plugin pinoutconfig (category:base,tabindex:0)
2023-12-27 00:57:28,353 [INFO] PluginManage:310 - Check plugin power
2023-12-27 00:57:28,427 [INFO] PluginManage:359 - Loaded plugin power (category:power,tabindex:4)
2023-12-27 00:57:28,427 [INFO] PluginManage:310 - Check plugin projectmanager
2023-12-27 00:57:28,468 [INFO] PluginManage:359 - Loaded plugin projectmanager (category:projectmanager,tabindex:3)
2023-12-27 00:57:28,468 [INFO] PluginManage:310 - Check plugin thirdparty
2023-12-27 00:57:29,065 [INFO] PluginManage:359 - Loaded plugin thirdparty (category:base,tabindex:-1)
2023-12-27 00:57:29,065 [WARN] IntegrityCheckThread:84 - waiting for thirdparty lock release [integrity check]
2023-12-27 00:57:29,065 [INFO] PluginManage:310 - Check plugin tools
2023-12-27 00:57:29,065 [INFO] IntegrityCheckThread:86 - entering critical section [integrity check]
2023-12-27 00:57:29,066 [INFO] ThirdPartyUpdaterWithRetryManager:70 - Updater plugin not ready yet. [1/15]
2023-12-27 00:57:29,125 [INFO] PluginManage:359 - Loaded plugin tools (category:base,tabindex:7)
2023-12-27 00:57:29,126 [INFO] PluginManage:310 - Check plugin tutovideos
2023-12-27 00:57:29,405 [INFO] PluginManage:359 - Loaded plugin tutovideos (category:base,tabindex:-1)
2023-12-27 00:57:29,405 [INFO] PluginManage:310 - Check plugin updater
2023-12-27 00:57:29,454 [INFO] PluginManage:359 - Loaded plugin updater (category:base,tabindex:12)
2023-12-27 00:57:29,454 [INFO] PluginManage:310 - Check plugin userauth
2023-12-27 00:57:29,474 [INFO] UserAuth:114 - Init User Auth plugin
2023-12-27 00:57:29,474 [INFO] PluginManage:359 - Loaded plugin userauth (category:base,tabindex:14)
2023-12-27 00:57:29,474 [INFO] PluginManage:283 - PluginManage : Loaded plugins [17]
2023-12-27 00:57:29,936 [INFO] PinOutPanel:1499 - setPackage(No Configuration,No Configuration)
2023-12-27 00:57:30,089 [INFO] CADModel:165 - CPN selected for project level
2023-12-27 00:57:30,089 [INFO] CADModel:114 - Register for checkConnection events
2023-12-27 00:57:30,171 [INFO] IPUIPlugin:80 - create IPUIPlugin
2023-12-27 00:57:30,172 [INFO] PluginManager:220 - loadIPPluginJar : add adc
2023-12-27 00:57:30,224 [INFO] IPUIPlugin:80 - create IPUIPlugin
2023-12-27 00:57:30,224 [INFO] PluginManager:220 - loadIPPluginJar : add aes
2023-12-27 00:57:30,285 [INFO] IPUIPlugin:80 - create IPUIPlugin
2023-12-27 00:57:30,285 [INFO] PluginManager:220 - loadIPPluginJar : add can
2023-12-27 00:57:30,325 [INFO] IPUIPlugin:80 - create IPUIPlugin
2023-12-27 00:57:30,326 [INFO] PluginManager:220 - loadIPPluginJar : add comp
2023-12-27 00:57:30,380 [INFO] IPUIPlugin:80 - create IPUIPlugin
2023-12-27 00:57:30,380 [INFO] PluginManager:220 - loadIPPluginJar : add cryp
2023-12-27 00:57:30,431 [INFO] IPUIPlugin:80 - create IPUIPlugin
2023-12-27 00:57:30,431 [INFO] PluginManager:220 - loadIPPluginJar : add dfsdm
2023-12-27 00:57:30,459 [INFO] IPUIPlugin:80 - create IPUIPlugin
2023-12-27 00:57:30,459 [INFO] PluginManager:220 - loadIPPluginJar : add dma
2023-12-27 00:57:30,510 [INFO] IPUIPlugin:80 - create IPUIPlugin
2023-12-27 00:57:30,511 [INFO] PluginManager:220 - loadIPPluginJar : add dma3
2023-12-27 00:57:30,534 [INFO] IPUIPlugin:80 - create IPUIPlugin
2023-12-27 00:57:30,534 [INFO] PluginManager:220 - loadIPPluginJar : add fatfs
2023-12-27 00:57:30,591 [INFO] IPUIPlugin:80 - create IPUIPlugin
2023-12-27 00:57:30,592 [INFO] PluginManager:220 - loadIPPluginJar : add fmc
2023-12-27 00:57:30,628 [INFO] IPUIPlugin:80 - create IPUIPlugin
2023-12-27 00:57:30,628 [INFO] PluginManager:220 - loadIPPluginJar : add freertos
2023-12-27 00:57:30,678 [INFO] IPUIPlugin:80 - create IPUIPlugin
2023-12-27 00:57:30,678 [INFO] PluginManager:220 - loadIPPluginJar : add genericplugin
2023-12-27 00:57:30,781 [INFO] IPUIPlugin:80 - create IPUIPlugin
2023-12-27 00:57:30,781 [INFO] PluginManager:220 - loadIPPluginJar : add gfxmmu
2023-12-27 00:57:30,943 [INFO] IPUIPlugin:80 - create IPUIPlugin
2023-12-27 00:57:30,943 [INFO] PluginManager:220 - loadIPPluginJar : add gic
2023-12-27 00:57:31,130 [INFO] IPUIPlugin:80 - create IPUIPlugin
2023-12-27 00:57:31,130 [INFO] PluginManager:220 - loadIPPluginJar : add gpio
2023-12-27 00:57:31,243 [INFO] IPUIPlugin:80 - create IPUIPlugin
2023-12-27 00:57:31,243 [INFO] PluginManager:220 - loadIPPluginJar : add gtzc
2023-12-27 00:57:31,369 [INFO] IPUIPlugin:80 - create IPUIPlugin
2023-12-27 00:57:31,369 [INFO] PluginManager:220 - loadIPPluginJar : add hash
2023-12-27 00:57:31,434 [INFO] IPUIPlugin:80 - create IPUIPlugin
2023-12-27 00:57:31,434 [INFO] PluginManager:220 - loadIPPluginJar : add i2c
2023-12-27 00:57:31,469 [INFO] IPUIPlugin:80 - create IPUIPlugin
2023-12-27 00:57:31,469 [INFO] PluginManager:220 - loadIPPluginJar : add i2s
2023-12-27 00:57:31,524 [INFO] IPUIPlugin:80 - create IPUIPlugin
2023-12-27 00:57:31,524 [INFO] PluginManager:220 - loadIPPluginJar : add i3c
2023-12-27 00:57:31,655 [INFO] IPUIPlugin:80 - create IPUIPlugin
2023-12-27 00:57:31,655 [INFO] PluginManager:220 - loadIPPluginJar : add ipddr
2023-12-27 00:57:31,748 [INFO] IPUIPlugin:80 - create IPUIPlugin
2023-12-27 00:57:31,749 [INFO] PluginManager:220 - loadIPPluginJar : add linkedlist
2023-12-27 00:57:31,794 [INFO] IPUIPlugin:80 - create IPUIPlugin
2023-12-27 00:57:31,794 [INFO] PluginManager:220 - loadIPPluginJar : add lorawan
2023-12-27 00:57:31,844 [INFO] IPUIPlugin:80 - create IPUIPlugin
2023-12-27 00:57:31,844 [INFO] PluginManager:220 - loadIPPluginJar : add ltdc
2023-12-27 00:57:31,871 [INFO] IPUIPlugin:80 - create IPUIPlugin
2023-12-27 00:57:31,871 [INFO] PluginManager:220 - loadIPPluginJar : add mdma
2023-12-27 00:57:31,906 [INFO] IPUIPlugin:80 - create IPUIPlugin
2023-12-27 00:57:31,906 [INFO] PluginManager:220 - loadIPPluginJar : add nvic
2023-12-27 00:57:31,939 [INFO] IPUIPlugin:80 - create IPUIPlugin
2023-12-27 00:57:31,939 [INFO] PluginManager:220 - loadIPPluginJar : add opamp
2023-12-27 00:57:32,025 [INFO] IPUIPlugin:80 - create IPUIPlugin
2023-12-27 00:57:32,025 [INFO] PluginManager:220 - loadIPPluginJar : add openamp
2023-12-27 00:57:32,068 [INFO] ThirdPartyUpdaterWithRetryManager:70 - Updater plugin not ready yet. [2/15]
2023-12-27 00:57:32,078 [INFO] IPUIPlugin:80 - create IPUIPlugin
2023-12-27 00:57:32,078 [INFO] PluginManager:220 - loadIPPluginJar : add pdm2pcm
2023-12-27 00:57:32,091 [INFO] IPUIPlugin:80 - create IPUIPlugin
2023-12-27 00:57:32,093 [INFO] PluginManager:220 - loadIPPluginJar : add plateformsettings
2023-12-27 00:57:32,113 [INFO] IPUIPlugin:80 - create IPUIPlugin
2023-12-27 00:57:32,113 [INFO] PluginManager:220 - loadIPPluginJar : add quadspi
2023-12-27 00:57:32,137 [INFO] IPUIPlugin:80 - create IPUIPlugin
2023-12-27 00:57:32,138 [INFO] PluginManager:220 - loadIPPluginJar : add resmgrutility
2023-12-27 00:57:32,186 [INFO] IPUIPlugin:80 - create IPUIPlugin
2023-12-27 00:57:32,186 [INFO] PluginManager:220 - loadIPPluginJar : add sai
2023-12-27 00:57:32,237 [INFO] IPUIPlugin:80 - create IPUIPlugin
2023-12-27 00:57:32,237 [INFO] PluginManager:220 - loadIPPluginJar : add spi
2023-12-27 00:57:32,323 [INFO] IPUIPlugin:80 - create IPUIPlugin
2023-12-27 00:57:32,323 [INFO] PluginManager:220 - loadIPPluginJar : add stm32_wpan
2023-12-27 00:57:32,362 [INFO] IPUIPlugin:80 - create IPUIPlugin
2023-12-27 00:57:32,363 [INFO] PluginManager:220 - loadIPPluginJar : add tim
2023-12-27 00:57:32,416 [INFO] IPUIPlugin:80 - create IPUIPlugin
2023-12-27 00:57:32,416 [INFO] PluginManager:220 - loadIPPluginJar : add touchsensing
2023-12-27 00:57:32,452 [INFO] IPUIPlugin:80 - create IPUIPlugin
2023-12-27 00:57:32,452 [INFO] PluginManager:220 - loadIPPluginJar : add tracer_emb
2023-12-27 00:57:32,472 [INFO] IPUIPlugin:80 - create IPUIPlugin
2023-12-27 00:57:32,473 [INFO] PluginManager:220 - loadIPPluginJar : add ts
2023-12-27 00:57:32,491 [INFO] IPUIPlugin:80 - create IPUIPlugin
2023-12-27 00:57:32,491 [INFO] PluginManager:220 - loadIPPluginJar : add tsc
2023-12-27 00:57:32,531 [INFO] IPUIPlugin:80 - create IPUIPlugin
2023-12-27 00:57:32,531 [INFO] PluginManager:220 - loadIPPluginJar : add ucpd
2023-12-27 00:57:32,585 [INFO] IPUIPlugin:80 - create IPUIPlugin
2023-12-27 00:57:32,585 [INFO] PluginManager:220 - loadIPPluginJar : add usart
2023-12-27 00:57:32,674 [INFO] IPUIPlugin:80 - create IPUIPlugin
2023-12-27 00:57:32,674 [INFO] PluginManager:220 - loadIPPluginJar : add usbx
2023-12-27 00:57:32,803 [INFO] CADModel:165 - CPN selected for project level
2023-12-27 00:57:32,803 [INFO] CADModel:114 - Register for checkConnection events
2023-12-27 00:57:32,803 [FATAL] Updater:308 - Updater called before beeing initialized
2023-12-27 00:57:32,803 [ERROR] CADModel:125 - Updater not yet initialized, retry later 
2023-12-27 00:57:33,066 [INFO] CADModel:165 - CPN selected for project level
2023-12-27 00:57:33,066 [INFO] CADModel:114 - Register for checkConnection events
2023-12-27 00:57:33,066 [FATAL] Updater:308 - Updater called before beeing initialized
2023-12-27 00:57:33,066 [ERROR] CADModel:125 - Updater not yet initialized, retry later 
2023-12-27 00:57:33,069 [FATAL] Updater:308 - Updater called before beeing initialized
2023-12-27 00:57:33,248 [FATAL] Updater:308 - Updater called before beeing initialized
2023-12-27 00:57:33,252 [INFO] DbMcusAds:53 - JSON generation date=Wed Nov 29 17:52:27 GMT+07:00 2023 (1701255147349)
2023-12-27 00:57:33,252 [FATAL] Updater:308 - Updater called before beeing initialized
2023-12-27 00:57:33,476 [WARN] DetailPanel:346 - Failed to get advertising image, set to default
2023-12-27 00:57:33,573 [FATAL] Updater:308 - Updater called before beeing initialized
2023-12-27 00:57:33,575 [FATAL] Updater:308 - Updater called before beeing initialized
2023-12-27 00:57:33,575 [FATAL] Updater:308 - Updater called before beeing initialized
2023-12-27 00:57:33,575 [WARN] DetailPanel:346 - Failed to get advertising image, set to default
2023-12-27 00:57:33,576 [FATAL] Updater:308 - Updater called before beeing initialized
2023-12-27 00:57:33,642 [ERROR] Updater:1120 - MainUpdater not yet initialized. External WinMGr cannot be set.
2023-12-27 00:57:33,650 [INFO] Updater:1056 - Updater Version found : 6.10.0
2023-12-27 00:57:33,667 [INFO] ApplicationProperties:184 - Using Application install path: E:\stm32CubMX\doo\ST\STM32CubeIDE_1.13.0\STM32CubeIDE\plugins\com.st.stm32cube.common.mx_6.10.0.202311202037
2023-12-27 00:57:33,722 [INFO] MainUpdater:526 - Copy updater definitions from MX database
2023-12-27 00:57:34,400 [INFO] MainUpdater:2873 - connection check result : 10
2023-12-27 00:57:34,400 [INFO] MainUpdater:3567 - Updater definition file requires update
2023-12-27 00:57:34,401 [INFO] MainUpdater:290 - Updater Check For Update Now.
2023-12-27 00:57:34,401 [INFO] MicroXplorer:498 - Change Database Version : DB.6.0.100
2023-12-27 00:57:34,443 [INFO] McuFinderGlobals:63 - Set McuFinder mode to 2 (CubeIDE integrated)
2023-12-27 00:57:34,443 [INFO] UserAuth:180 - activating auth plugin
2023-12-27 00:57:34,457 [INFO] UserAuth:404 - Internet connection configuration mode: 1
2023-12-27 00:57:34,545 [INFO] JxBrowserEngine:152 - Initiate JxBrowser Engine with user profile folder
2023-12-27 00:57:35,069 [WARN] MainUpdater:1194 - Updater busy. Cannot search thirdparties
2023-12-27 00:57:35,069 [INFO] ThirdPartyUpdaterWithRetryManager:96 - Updater plugin is busy. [1/15]
2023-12-27 00:57:35,235 [INFO] ServerAccessManage:473 - Download File updaters.zip
2023-12-27 00:57:35,342 [INFO] FileExtend:240 - Unzip File : updaters.zip
2023-12-27 00:57:35,342 [INFO] FileExtend:255 - Standard Zip Deflate
2023-12-27 00:57:35,711 [INFO] ServerAccessManage:473 - Download File PacksControlFlags.xml
2023-12-27 00:57:35,874 [INFO] ServerAccessManage:473 - Download File cubemx.pidx
2023-12-27 00:57:36,071 [INFO] LoadServerUpdatesThread:375 - End of LoadServerUpdate Thread
2023-12-27 00:57:36,360 [INFO] CheckServerUpdateThread:120 - End of CheckServer Thread
2023-12-27 00:57:38,259 [WARN] PackLoader:240 - Cannot read IP mode file for STMicroelectronics.X-CUBE-SMBUS.2.1.0
2023-12-27 00:57:38,266 [WARN] PackLoader:240 - Cannot read IP mode file for STMicroelectronics.X-CUBE-TOUCHGFX.4.23.0
2023-12-27 00:57:38,299 [WARN] PackLoader:240 - Cannot read IP mode file for STMicroelectronics.X-CUBE-AZRTOS-F7.1.1.0
2023-12-27 00:57:38,313 [WARN] PackLoader:240 - Cannot read IP mode file for STMicroelectronics.FP-SNS-MOTENV1.4.3.2
2023-12-27 00:57:38,322 [WARN] PackLoader:240 - Cannot read IP mode file for STMicroelectronics.FP-SNS-FLIGHT1.5.0.2
2023-12-27 00:57:38,333 [WARN] PackLoader:240 - Cannot read IP mode file for STMicroelectronics.X-CUBE-DISPLAY.3.0.0
2023-12-27 00:57:38,354 [WARN] PackLoader:240 - Cannot read IP mode file for STMicroelectronics.X-CUBE-BLE1.7.0.0
2023-12-27 00:57:38,363 [WARN] PackLoader:240 - Cannot read IP mode file for emotas.I-CUBE-CANOPEN.1.3.0
2023-12-27 00:57:38,367 [WARN] PackLoader:240 - Cannot read IP mode file for STMicroelectronics.X-CUBE-TOUCHGFX.4.22.0
2023-12-27 00:57:38,371 [WARN] PackLoader:240 - Cannot read IP mode file for STMicroelectronics.X-CUBE-TOUCHGFX.4.22.1
2023-12-27 00:57:38,377 [WARN] PackLoader:240 - Cannot read IP mode file for STMicroelectronics.FP-SNS-SMARTAG2.1.2.0
2023-12-27 00:57:38,396 [INFO] LogOutputStream:77 - [STDOUT_REDIRECT] 1 : Invalid condition id : UX_CORESTACK_Condition cause : null
2023-12-27 00:57:38,397 [INFO] LogOutputStream:77 - [STDOUT_REDIRECT] 1 : Invalid condition id : UX_CORESTACK_Condition cause : null
2023-12-27 00:57:38,400 [INFO] LogOutputStream:77 - [STDOUT_REDIRECT] 1 : Invalid condition id : UX_CORESTACK_Condition cause : null
2023-12-27 00:57:38,403 [INFO] LogOutputStream:77 - [STDOUT_REDIRECT] 1 : Invalid condition id : UX_CORESTACK_Condition cause : null
2023-12-27 00:57:38,405 [INFO] LogOutputStream:77 - [STDOUT_REDIRECT] 1 : Invalid condition id : UX_CORESTACK_Condition cause : null
2023-12-27 00:57:38,415 [WARN] PackLoader:240 - Cannot read IP mode file for STMicroelectronics.X-CUBE-AZRTOS-WL.2.0.0
2023-12-27 00:57:38,431 [WARN] PackLoader:240 - Cannot read IP mode file for WES.I-CUBE-Cesium.1.3.0
2023-12-27 00:57:38,440 [WARN] PackLoader:240 - Cannot read IP mode file for STMicroelectronics.X-CUBE-BLE2.3.3.0
2023-12-27 00:57:38,453 [WARN] PackLoader:240 - Cannot read IP mode file for STMicroelectronics.X-CUBE-ALGOBUILD.1.3.0
2023-12-27 00:57:38,493 [WARN] PackLoader:240 - Cannot read IP mode file for STMicroelectronics.X-CUBE-AZRTOS-G0.1.1.0
2023-12-27 00:57:38,512 [WARN] PackLoader:240 - Cannot read IP mode file for STMicroelectronics.X-CUBE-NFC4.3.0.0
2023-12-27 00:57:38,537 [WARN] PackLoader:240 - Cannot read IP mode file for STMicroelectronics.X-CUBE-BLEMGR.3.0.0
2023-12-27 00:57:38,547 [WARN] PackLoader:240 - Cannot read IP mode file for STMicroelectronics.FP-ATR-SIGFOX1.3.2.0
2023-12-27 00:57:38,597 [WARN] PackLoader:240 - Cannot read IP mode file for SEGGER.I-CUBE-embOS.1.3.1
2023-12-27 00:57:38,658 [WARN] PackLoader:240 - Cannot read IP mode file for STMicroelectronics.X-CUBE-GNSS1.6.0.0
2023-12-27 00:57:38,685 [WARN] PackLoader:240 - Cannot read IP mode file for STMicroelectronics.X-CUBE-AZRTOS-F4.1.1.0
2023-12-27 00:57:38,701 [WARN] PackLoader:240 - Cannot read IP mode file for wolfSSL.I-CUBE-wolfSSL.5.6.3
2023-12-27 00:57:38,741 [WARN] PackLoader:240 - Cannot read IP mode file for STMicroelectronics.X-CUBE-AZRTOS-L5.2.0.0
2023-12-27 00:57:38,813 [WARN] PackLoader:240 - Cannot read IP mode file for STMicroelectronics.X-CUBE-MEMS1.9.6.0
2023-12-27 00:57:39,324 [WARN] PackLoader:240 - Cannot read IP mode file for STMicroelectronics.X-CUBE-EEPRMA1.4.2.0
2023-12-27 00:57:39,334 [WARN] PackLoader:240 - Cannot read IP mode file for ITTIA_DB.I-CUBE-ITTIADB.8.8.0
2023-12-27 00:57:39,347 [WARN] PackLoader:240 - Cannot read IP mode file for STMicroelectronics.X-CUBE-BLEMGR.2.0.0
2023-12-27 00:57:39,383 [WARN] ConditionMgr:438 - getConditionDescription Invalid condition id : UX DEVICE CLASS RTOS Condition cause : null
2023-12-27 00:57:39,383 [WARN] ConditionMgr:438 - getConditionDescription Invalid condition id : UX DEVICE CLASS RTOS Condition cause : null
2023-12-27 00:57:39,389 [WARN] PackLoader:240 - Cannot read IP mode file for STMicroelectronics.X-CUBE-AZRTOS-H7.3.1.0
2023-12-27 00:57:39,391 [WARN] ConditionMgr:1039 - genDependencies : Invalid condition id : UX DEVICE CLASS RTOS Condition cause : null
2023-12-27 00:57:39,391 [WARN] ConditionMgr:1039 - genDependencies : Invalid condition id : UX DEVICE CLASS RTOS Condition cause : null
2023-12-27 00:57:39,392 [WARN] ConditionMgr:1039 - genDependencies : Invalid condition id : UX DEVICE CLASS RTOS Condition cause : null
2023-12-27 00:57:39,393 [WARN] ConditionMgr:1039 - genDependencies : Invalid condition id : UX DEVICE CLASS RTOS Condition cause : null
2023-12-27 00:57:39,393 [WARN] ConditionMgr:1039 - genDependencies : Invalid condition id : UX DEVICE CLASS RTOS Condition cause : null
2023-12-27 00:57:39,401 [WARN] PackLoader:240 - Cannot read IP mode file for STMicroelectronics.X-CUBE-NFC7.1.0.1
2023-12-27 00:57:39,408 [INFO] WebApp:161 - Instantiating new browser for Auth
2023-12-27 00:57:39,411 [WARN] PackLoader:240 - Cannot read IP mode file for STMicroelectronics.X-CUBE-NFC6.3.0.0
2023-12-27 00:57:39,420 [WARN] PackLoader:240 - Cannot read IP mode file for STMicroelectronics.X-CUBE-EEPRMA1.4.1.0
2023-12-27 00:57:39,442 [WARN] PackLoader:240 - Cannot read IP mode file for STMicroelectronics.X-CUBE-AI.8.1.0
2023-12-27 00:57:39,482 [WARN] ConditionMgr:438 - getConditionDescription Invalid condition id : LAN8742 Phy interface Condition cause : null
2023-12-27 00:57:39,483 [WARN] PackLoader:240 - Cannot read IP mode file for STMicroelectronics.X-CUBE-AZRTOS-L4.2.0.0
2023-12-27 00:57:39,486 [WARN] ConditionMgr:1039 - genDependencies : Invalid condition id : LAN8742 Phy interface Condition cause : null
2023-12-27 00:57:39,487 [WARN] ConditionMgr:1039 - genDependencies : Invalid condition id : LAN8742 Phy interface Condition cause : null
2023-12-27 00:57:39,488 [WARN] ConditionMgr:1039 - genDependencies : Invalid condition id : LAN8742 Phy interface Condition cause : null
2023-12-27 00:57:39,504 [WARN] PackLoader:240 - Cannot read IP mode file for STMicroelectronics.X-CUBE-SFXS2LP1.4.0.0
2023-12-27 00:57:39,514 [WARN] PackLoader:240 - Cannot read IP mode file for STMicroelectronics.X-CUBE-ISPU.1.1.0
2023-12-27 00:57:39,531 [WARN] ConditionMgr:438 - getConditionDescription Invalid condition id : UX DEVICE CLASS RTOS Condition cause : null
2023-12-27 00:57:39,531 [WARN] ConditionMgr:438 - getConditionDescription Invalid condition id : UX DEVICE CLASS RTOS Condition cause : null
2023-12-27 00:57:39,534 [WARN] PackLoader:240 - Cannot read IP mode file for STMicroelectronics.X-CUBE-AZRTOS-WB.2.0.0
2023-12-27 00:57:39,534 [WARN] ConditionMgr:1039 - genDependencies : Invalid condition id : UX DEVICE CLASS RTOS Condition cause : null
2023-12-27 00:57:39,535 [WARN] ConditionMgr:1039 - genDependencies : Invalid condition id : UX DEVICE CLASS RTOS Condition cause : null
2023-12-27 00:57:39,535 [WARN] ConditionMgr:1039 - genDependencies : Invalid condition id : UX DEVICE CLASS RTOS Condition cause : null
2023-12-27 00:57:39,536 [WARN] ConditionMgr:1039 - genDependencies : Invalid condition id : UX DEVICE CLASS RTOS Condition cause : null
2023-12-27 00:57:39,536 [WARN] ConditionMgr:1039 - genDependencies : Invalid condition id : UX DEVICE CLASS RTOS Condition cause : null
2023-12-27 00:57:39,554 [WARN] PackLoader:240 - Cannot read IP mode file for STMicroelectronics.X-CUBE-SUBG2.5.0.0
2023-12-27 00:57:39,584 [WARN] PackLoader:240 - Cannot read IP mode file for STMicroelectronics.X-CUBE-TOF1.3.3.1
2023-12-27 00:57:39,620 [WARN] PackLoader:240 - Cannot read IP mode file for STMicroelectronics.X-CUBE-AZRTOS-G4.2.0.0
2023-12-27 00:57:39,638 [WARN] PackLoader:240 - Cannot read IP mode file for Infineon.AIROC-Wi-Fi-Bluetooth-STM32.1.5.1
2023-12-27 00:57:39,655 [WARN] PackLoader:240 - Cannot read IP mode file for STMicroelectronics.FP-SNS-MOTENVWB1.1.3.1
2023-12-27 00:57:39,660 [WARN] PackLoader:240 - Cannot read IP mode file for STMicroelectronics.X-CUBE-ISPU.2.0.0
2023-12-27 00:57:39,701 [WARN] PackLoader:240 - Cannot read IP mode file for STMicroelectronics.X-CUBE-MEMS1.10.0.0
2023-12-27 00:57:39,833 [WARN] PackLoader:240 - Cannot read IP mode file for STMicroelectronics.X-CUBE-FREERTOS.1.1.0
2023-12-27 00:57:39,838 [WARN] PackLoader:240 - Cannot read IP mode file for portGmbH.I-Cube-SoM-uGOAL.1.1.0
2023-12-27 00:57:39,851 [WARN] PackLoader:240 - Cannot read IP mode file for STMicroelectronics.X-CUBE-ALS.1.0.1
2023-12-27 00:57:39,855 [WARN] PackLoader:240 - Cannot read IP mode file for STMicroelectronics.FP-ATR-ASTRA1.2.0.0
2023-12-27 00:57:39,865 [WARN] PackLoader:240 - Cannot read IP mode file for STMicroelectronics.X-CUBE-TOF1.3.4.0
2023-12-27 00:57:39,893 [WARN] PackLoader:240 - Cannot read IP mode file for STMicroelectronics.X-CUBE-AZRTOS-H7.3.2.0
2023-12-27 00:57:39,895 [INFO] ThirdParty:978 - Integrity check success = true
2023-12-27 00:57:39,895 [INFO] IntegrityCheckThread:100 - exiting critical section [integrity check]
2023-12-27 00:57:39,896 [INFO] IntegrityCheckThread:103 - End integrity checks thread
2023-12-27 00:57:40,342 [INFO] WebApp:780 - Register for checkConnection events
2023-12-27 00:57:40,343 [INFO] WebApp:414 - Apply proxy settings
2023-12-27 00:57:40,343 [INFO] WebApp:499 - Chromium requires no authentication
2023-12-27 00:57:40,352 [INFO] WebApp:442 - Direct internet connection detected
2023-12-27 00:57:40,543 [INFO] WebApp:192 - Starting web application
2023-12-27 00:57:40,544 [INFO] WebApp:544 - Web application path used E:\stm32CubMX\doo\ST\STM32CubeIDE_1.13.0\STM32CubeIDE\plugins\com.st.stm32cube.common.mx_6.10.0.202311202037\db\plugins\mcufinder\reactClient1\index.html
2023-12-27 00:58:01,808 [ERROR] LogOutputStream:75 - [STDERR_REDIRECT] SLF4J: Failed to load class "org.slf4j.impl.StaticLoggerBinder".
2023-12-27 00:58:01,809 [ERROR] LogOutputStream:75 - [STDERR_REDIRECT] SLF4J: Defaulting to no-operation (NOP) logger implementation
2023-12-27 00:58:01,811 [ERROR] LogOutputStream:75 - [STDERR_REDIRECT] SLF4J: See http://www.slf4j.org/codes.html#StaticLoggerBinder for further details.
