2023-09-29 02:59:49,209 [INFO] Activator:176 - 


2023-09-29 02:59:49,211 [INFO] Activator:177 - !SESSION log4j initialized
2023-09-29 02:59:52,004 [INFO] LogOutputStream:77 - [STDOUT_REDIRECT] 
2023-09-29 03:00:01,258 [INFO] ApplicationProperties:184 - Using Application install path: E:\stm32CubMX\doo\ST\STM32CubeIDE_1.13.0\STM32CubeIDE\plugins\com.st.stm32cube.common.mx_6.9.0.202307051724
2023-09-29 03:00:01,284 [INFO] DbMcusXml:78 - Set database path to: E:\stm32CubMX\doo\ST\STM32CubeIDE_1.13.0\STM32CubeIDE\plugins\com.st.stm32cube.common.mx_6.9.0.202307051724\\db\/mcu/
2023-09-29 03:00:01,285 [INFO] ApiDb:274 - Set plugin database path to: E:\stm32CubMX\doo\ST\STM32CubeIDE_1.13.0\STM32CubeIDE\plugins\com.st.stm32cube.common.mx_6.9.0.202307051724\\db\/plugins/boardmanager/
2023-09-29 03:00:01,288 [WARN] ApiDb:259 - Overriding images path with different value:  => E:\stm32CubMX\doo\ST\STM32CubeIDE_1.13.0\STM32CubeIDE\plugins\com.st.stm32cube.common.mx_6.9.0.202307051724\\db\/plugins/mcufinder/images/
2023-09-29 03:00:01,304 [INFO] ApiDb:250 - Set database path to: C:\Users\»√Œ–‹\.stmcufinder\plugins\mcufinder//mcu/
2023-09-29 03:00:01,305 [INFO] DbMcusAds:125 - Set database path to: C:\Users\»√Œ–‹\.stmcufinder\plugins\mcufinder//mcu/
2023-09-29 03:00:01,310 [INFO] CrossReferenceDbSqlite:203 - Set database path to: C:\Users\»√Œ–‹\.stmcufinder\plugins\mcufinder//mcu/cs/
2023-09-29 03:00:01,517 [INFO] RulesReader:64 - Compatibility file has been processed (293 Rules)
2023-09-29 03:00:01,599 [INFO] DbMcusXml:78 - Set database path to: E:\stm32CubMX\doo\ST\STM32CubeIDE_1.13.0\STM32CubeIDE\plugins\com.st.stm32cube.common.mx_6.9.0.202307051724\\db\/mcu/
2023-09-29 03:00:01,599 [INFO] ApiDb:274 - Set plugin database path to: E:\stm32CubMX\doo\ST\STM32CubeIDE_1.13.0\STM32CubeIDE\plugins\com.st.stm32cube.common.mx_6.9.0.202307051724\\db\/plugins/boardmanager/
2023-09-29 03:00:01,599 [INFO] ApiDb:261 - Set plugin images path to: E:\stm32CubMX\doo\ST\STM32CubeIDE_1.13.0\STM32CubeIDE\plugins\com.st.stm32cube.common.mx_6.9.0.202307051724\\db\/plugins/mcufinder/images/
2023-09-29 03:00:01,600 [WARN] DbFile:41 - Overriding database path with different value: C:\Users\»√Œ–‹\.stmcufinder\plugins\mcufinder/ => C:\Users\»√Œ–‹\.stmcufinder\plugins\mcufinder
2023-09-29 03:00:01,600 [INFO] ApiDb:250 - Set database path to: C:\Users\»√Œ–‹\.stmcufinder\plugins\mcufinder//mcu/
2023-09-29 03:00:01,600 [WARN] DbFile:41 - Overriding database path with different value: C:\Users\»√Œ–‹\.stmcufinder\plugins\mcufinder/ => C:\Users\»√Œ–‹\.stmcufinder\plugins\mcufinder
2023-09-29 03:00:01,600 [INFO] DbMcusAds:125 - Set database path to: C:\Users\»√Œ–‹\.stmcufinder\plugins\mcufinder//mcu/
2023-09-29 03:00:01,600 [WARN] DbFile:41 - Overriding database path with different value: C:\Users\»√Œ–‹\.stmcufinder\plugins\mcufinder/ => C:\Users\»√Œ–‹\.stmcufinder\plugins\mcufinder
2023-09-29 03:00:01,600 [WARN] DbFile:41 - Overriding database path with different value: C:\Users\»√Œ–‹\.stmcufinder\plugins\mcufinder/ => C:\Users\»√Œ–‹\.stmcufinder\plugins\mcufinder
2023-09-29 03:00:01,600 [INFO] CrossReferenceDbSqlite:203 - Set database path to: C:\Users\»√Œ–‹\.stmcufinder\plugins\mcufinder//mcu/cs/
2023-09-29 03:00:01,683 [INFO] MainPanel:262 - HeapMemory: 268435456
2023-09-29 03:00:01,765 [INFO] DbMcusXml:78 - Set database path to: E:\stm32CubMX\doo\ST\STM32CubeIDE_1.13.0\STM32CubeIDE\plugins\com.st.stm32cube.common.mx_6.9.0.202307051724\\db\/mcu/
2023-09-29 03:00:01,765 [INFO] ApiDb:274 - Set plugin database path to: E:\stm32CubMX\doo\ST\STM32CubeIDE_1.13.0\STM32CubeIDE\plugins\com.st.stm32cube.common.mx_6.9.0.202307051724\\db\/plugins/boardmanager/
2023-09-29 03:00:01,765 [INFO] ApiDb:261 - Set plugin images path to: E:\stm32CubMX\doo\ST\STM32CubeIDE_1.13.0\STM32CubeIDE\plugins\com.st.stm32cube.common.mx_6.9.0.202307051724\\db\/plugins/mcufinder/images/
2023-09-29 03:00:01,766 [WARN] DbFile:41 - Overriding database path with different value: C:\Users\»√Œ–‹\.stmcufinder\plugins\mcufinder/ => C:\Users\»√Œ–‹\.stmcufinder\plugins\mcufinder
2023-09-29 03:00:01,766 [INFO] ApiDb:250 - Set database path to: C:\Users\»√Œ–‹\.stmcufinder\plugins\mcufinder//mcu/
2023-09-29 03:00:01,766 [WARN] DbFile:41 - Overriding database path with different value: C:\Users\»√Œ–‹\.stmcufinder\plugins\mcufinder/ => C:\Users\»√Œ–‹\.stmcufinder\plugins\mcufinder
2023-09-29 03:00:01,766 [INFO] DbMcusAds:125 - Set database path to: C:\Users\»√Œ–‹\.stmcufinder\plugins\mcufinder//mcu/
2023-09-29 03:00:01,766 [WARN] DbFile:41 - Overriding database path with different value: C:\Users\»√Œ–‹\.stmcufinder\plugins\mcufinder/ => C:\Users\»√Œ–‹\.stmcufinder\plugins\mcufinder
2023-09-29 03:00:01,766 [WARN] DbFile:41 - Overriding database path with different value: C:\Users\»√Œ–‹\.stmcufinder\plugins\mcufinder/ => C:\Users\»√Œ–‹\.stmcufinder\plugins\mcufinder
2023-09-29 03:00:01,767 [INFO] CrossReferenceDbSqlite:203 - Set database path to: C:\Users\»√Œ–‹\.stmcufinder\plugins\mcufinder//mcu/cs/
2023-09-29 03:00:01,787 [INFO] ApplicationProperties:184 - Using Application install path: E:\stm32CubMX\doo\ST\STM32CubeIDE_1.13.0\STM32CubeIDE\plugins\com.st.stm32cube.common.mx_6.9.0.202307051724
2023-09-29 03:00:01,789 [INFO] PluginManage:196 - Search for loadable plugins [exclusion list=, ]
2023-09-29 03:00:01,791 [INFO] PluginManage:310 - Check plugin analytics
2023-09-29 03:00:06,544 [INFO] AnalyticsPlugin:253 - Accepted Software Licenses: STM32CubeMX.6.9.0
2023-09-29 03:00:06,544 [INFO] AnalyticsPlugin:255 - Accepted CMSIS Pack Licenses: 
2023-09-29 03:00:06,544 [INFO] AnalyticsPlugin:257 - Accepted Firmware Licenses: FW.F4.1.27.0
2023-09-29 03:00:06,547 [INFO] PluginManage:359 - Loaded plugin analytics (category:tool,tabindex:-1)
2023-09-29 03:00:06,547 [INFO] PluginManage:310 - Check plugin cadmodel
2023-09-29 03:00:06,551 [INFO] CADModel:105 - Init CAD model plugin
2023-09-29 03:00:06,551 [INFO] PluginManage:359 - Loaded plugin cadmodel (category:power,tabindex:5)
2023-09-29 03:00:06,553 [INFO] PluginManage:310 - Check plugin clock
2023-09-29 03:00:06,561 [INFO] PluginManage:359 - Loaded plugin clock (category:base,tabindex:2)
2023-09-29 03:00:06,561 [INFO] PluginManage:310 - Check plugin ddr
2023-09-29 03:00:06,564 [INFO] PluginManage:359 - Loaded plugin ddr (category:tool,tabindex:6)
2023-09-29 03:00:06,565 [INFO] PluginManage:310 - Check plugin filemanager
2023-09-29 03:00:06,699 [INFO] PluginManage:359 - Loaded plugin filemanager (category:base,tabindex:10)
2023-09-29 03:00:06,699 [INFO] PluginManage:310 - Check plugin ipmanager
2023-09-29 03:00:06,709 [INFO] PluginManage:359 - Loaded plugin ipmanager (category:base,tabindex:5)
2023-09-29 03:00:06,709 [INFO] PluginManage:310 - Check plugin lpbam
2023-09-29 03:00:06,719 [INFO] PluginManage:359 - Loaded plugin lpbam (category:base,tabindex:0)
2023-09-29 03:00:06,719 [INFO] PluginManage:310 - Check plugin memorymap
2023-09-29 03:00:06,733 [INFO] PluginManage:359 - Loaded plugin memorymap (category:base,tabindex:4)
2023-09-29 03:00:06,733 [INFO] PluginManage:310 - Check plugin pinoutandconfiguration
2023-09-29 03:00:06,740 [INFO] PluginManage:359 - Loaded plugin pinoutandconfiguration (category:base,tabindex:1)
2023-09-29 03:00:06,741 [INFO] PluginManage:310 - Check plugin pinoutconfig
2023-09-29 03:00:06,822 [WARN] SupportedApi:132 - Cannot load RTOS API schema: s4s-elt-must-match.1: The content of 'definitions' must match (annotation?, (simpleType | complexType)?, (unique | key | keyref)*)). A problem was found starting at: attribute.
2023-09-29 03:00:06,972 [INFO] PluginManage:359 - Loaded plugin pinoutconfig (category:base,tabindex:0)
2023-09-29 03:00:06,973 [INFO] PluginManage:310 - Check plugin power
2023-09-29 03:00:06,985 [INFO] PluginManage:359 - Loaded plugin power (category:power,tabindex:4)
2023-09-29 03:00:06,985 [INFO] PluginManage:310 - Check plugin projectmanager
2023-09-29 03:00:07,005 [INFO] PluginManage:359 - Loaded plugin projectmanager (category:projectmanager,tabindex:3)
2023-09-29 03:00:07,006 [INFO] PluginManage:310 - Check plugin thirdparty
2023-09-29 03:00:07,157 [WARN] IntegrityCheckThread:84 - waiting for thirdparty lock release [integrity check]
2023-09-29 03:00:07,158 [INFO] PluginManage:359 - Loaded plugin thirdparty (category:base,tabindex:-1)
2023-09-29 03:00:07,158 [INFO] IntegrityCheckThread:86 - entering critical section [integrity check]
2023-09-29 03:00:07,158 [INFO] PluginManage:310 - Check plugin tools
2023-09-29 03:00:07,158 [INFO] ThirdPartyUpdaterWithRetryManager:70 - Updater plugin not ready yet. [1/15]
2023-09-29 03:00:07,161 [INFO] PluginManage:359 - Loaded plugin tools (category:base,tabindex:7)
2023-09-29 03:00:07,161 [INFO] PluginManage:310 - Check plugin tutovideos
2023-09-29 03:00:07,380 [INFO] PluginManage:359 - Loaded plugin tutovideos (category:base,tabindex:-1)
2023-09-29 03:00:07,380 [INFO] PluginManage:310 - Check plugin updater
2023-09-29 03:00:07,389 [INFO] PluginManage:359 - Loaded plugin updater (category:base,tabindex:12)
2023-09-29 03:00:07,390 [INFO] PluginManage:310 - Check plugin userauth
2023-09-29 03:00:07,395 [INFO] UserAuth:113 - Init User Auth plugin
2023-09-29 03:00:07,395 [INFO] PluginManage:359 - Loaded plugin userauth (category:base,tabindex:14)
2023-09-29 03:00:07,396 [INFO] PluginManage:283 - PluginManage : Loaded plugins [17]
2023-09-29 03:00:07,652 [INFO] PinOutPanel:1499 - setPackage(No Configuration,No Configuration)
2023-09-29 03:00:07,792 [INFO] CADModel:165 - CPN selected for project level
2023-09-29 03:00:07,793 [INFO] CADModel:114 - Register for checkConnection events
2023-09-29 03:00:07,813 [INFO] IPUIPlugin:80 - create IPUIPlugin
2023-09-29 03:00:07,814 [INFO] PluginManager:220 - loadIPPluginJar : add adc
2023-09-29 03:00:07,817 [INFO] IPUIPlugin:80 - create IPUIPlugin
2023-09-29 03:00:07,817 [INFO] PluginManager:220 - loadIPPluginJar : add aes
2023-09-29 03:00:07,821 [INFO] IPUIPlugin:80 - create IPUIPlugin
2023-09-29 03:00:07,821 [INFO] PluginManager:220 - loadIPPluginJar : add can
2023-09-29 03:00:07,823 [INFO] IPUIPlugin:80 - create IPUIPlugin
2023-09-29 03:00:07,823 [INFO] PluginManager:220 - loadIPPluginJar : add comp
2023-09-29 03:00:07,827 [INFO] IPUIPlugin:80 - create IPUIPlugin
2023-09-29 03:00:07,827 [INFO] PluginManager:220 - loadIPPluginJar : add cryp
2023-09-29 03:00:07,830 [INFO] IPUIPlugin:80 - create IPUIPlugin
2023-09-29 03:00:07,830 [INFO] PluginManager:220 - loadIPPluginJar : add dfsdm
2023-09-29 03:00:07,838 [INFO] IPUIPlugin:80 - create IPUIPlugin
2023-09-29 03:00:07,838 [INFO] PluginManager:220 - loadIPPluginJar : add dma
2023-09-29 03:00:07,842 [INFO] IPUIPlugin:80 - create IPUIPlugin
2023-09-29 03:00:07,842 [INFO] PluginManager:220 - loadIPPluginJar : add dma3
2023-09-29 03:00:07,844 [INFO] IPUIPlugin:80 - create IPUIPlugin
2023-09-29 03:00:07,844 [INFO] PluginManager:220 - loadIPPluginJar : add fatfs
2023-09-29 03:00:07,849 [INFO] IPUIPlugin:80 - create IPUIPlugin
2023-09-29 03:00:07,850 [INFO] PluginManager:220 - loadIPPluginJar : add fmc
2023-09-29 03:00:07,856 [INFO] IPUIPlugin:80 - create IPUIPlugin
2023-09-29 03:00:07,856 [INFO] PluginManager:220 - loadIPPluginJar : add freertos
2023-09-29 03:00:07,858 [INFO] IPUIPlugin:80 - create IPUIPlugin
2023-09-29 03:00:07,858 [INFO] PluginManager:220 - loadIPPluginJar : add genericplugin
2023-09-29 03:00:07,861 [INFO] IPUIPlugin:80 - create IPUIPlugin
2023-09-29 03:00:07,861 [INFO] PluginManager:220 - loadIPPluginJar : add gfxmmu
2023-09-29 03:00:07,867 [INFO] IPUIPlugin:80 - create IPUIPlugin
2023-09-29 03:00:07,868 [INFO] PluginManager:220 - loadIPPluginJar : add gic
2023-09-29 03:00:07,873 [INFO] IPUIPlugin:80 - create IPUIPlugin
2023-09-29 03:00:07,873 [INFO] PluginManager:220 - loadIPPluginJar : add gpio
2023-09-29 03:00:07,877 [INFO] IPUIPlugin:80 - create IPUIPlugin
2023-09-29 03:00:07,877 [INFO] PluginManager:220 - loadIPPluginJar : add gtzc
2023-09-29 03:00:07,880 [INFO] IPUIPlugin:80 - create IPUIPlugin
2023-09-29 03:00:07,880 [INFO] PluginManager:220 - loadIPPluginJar : add hash
2023-09-29 03:00:07,883 [INFO] IPUIPlugin:80 - create IPUIPlugin
2023-09-29 03:00:07,883 [INFO] PluginManager:220 - loadIPPluginJar : add i2c
2023-09-29 03:00:07,886 [INFO] IPUIPlugin:80 - create IPUIPlugin
2023-09-29 03:00:07,886 [INFO] PluginManager:220 - loadIPPluginJar : add i2s
2023-09-29 03:00:07,890 [INFO] IPUIPlugin:80 - create IPUIPlugin
2023-09-29 03:00:07,890 [INFO] PluginManager:220 - loadIPPluginJar : add i3c
2023-09-29 03:00:07,894 [INFO] IPUIPlugin:80 - create IPUIPlugin
2023-09-29 03:00:07,894 [INFO] PluginManager:220 - loadIPPluginJar : add ipddr
2023-09-29 03:00:07,903 [INFO] IPUIPlugin:80 - create IPUIPlugin
2023-09-29 03:00:07,903 [INFO] PluginManager:220 - loadIPPluginJar : add linkedlist
2023-09-29 03:00:07,906 [INFO] IPUIPlugin:80 - create IPUIPlugin
2023-09-29 03:00:07,906 [INFO] PluginManager:220 - loadIPPluginJar : add lorawan
2023-09-29 03:00:07,908 [INFO] IPUIPlugin:80 - create IPUIPlugin
2023-09-29 03:00:07,908 [INFO] PluginManager:220 - loadIPPluginJar : add ltdc
2023-09-29 03:00:07,915 [INFO] IPUIPlugin:80 - create IPUIPlugin
2023-09-29 03:00:07,916 [INFO] PluginManager:220 - loadIPPluginJar : add mdma
2023-09-29 03:00:07,920 [INFO] IPUIPlugin:80 - create IPUIPlugin
2023-09-29 03:00:07,921 [INFO] PluginManager:220 - loadIPPluginJar : add nvic
2023-09-29 03:00:07,924 [INFO] IPUIPlugin:80 - create IPUIPlugin
2023-09-29 03:00:07,924 [INFO] PluginManager:220 - loadIPPluginJar : add opamp
2023-09-29 03:00:07,928 [INFO] IPUIPlugin:80 - create IPUIPlugin
2023-09-29 03:00:07,928 [INFO] PluginManager:220 - loadIPPluginJar : add openamp
2023-09-29 03:00:07,932 [INFO] IPUIPlugin:80 - create IPUIPlugin
2023-09-29 03:00:07,932 [INFO] PluginManager:220 - loadIPPluginJar : add pdm2pcm
2023-09-29 03:00:07,939 [INFO] IPUIPlugin:80 - create IPUIPlugin
2023-09-29 03:00:07,942 [INFO] PluginManager:220 - loadIPPluginJar : add plateformsettings
2023-09-29 03:00:07,943 [INFO] IPUIPlugin:80 - create IPUIPlugin
2023-09-29 03:00:07,944 [INFO] PluginManager:220 - loadIPPluginJar : add quadspi
2023-09-29 03:00:07,948 [INFO] IPUIPlugin:80 - create IPUIPlugin
2023-09-29 03:00:07,948 [INFO] PluginManager:220 - loadIPPluginJar : add resmgrutility
2023-09-29 03:00:07,951 [INFO] IPUIPlugin:80 - create IPUIPlugin
2023-09-29 03:00:07,951 [INFO] PluginManager:220 - loadIPPluginJar : add sai
2023-09-29 03:00:07,953 [INFO] IPUIPlugin:80 - create IPUIPlugin
2023-09-29 03:00:07,953 [INFO] PluginManager:220 - loadIPPluginJar : add spi
2023-09-29 03:00:07,959 [INFO] IPUIPlugin:80 - create IPUIPlugin
2023-09-29 03:00:07,959 [INFO] PluginManager:220 - loadIPPluginJar : add stm32_wpan
2023-09-29 03:00:07,962 [INFO] IPUIPlugin:80 - create IPUIPlugin
2023-09-29 03:00:07,962 [INFO] PluginManager:220 - loadIPPluginJar : add tim
2023-09-29 03:00:07,966 [INFO] IPUIPlugin:80 - create IPUIPlugin
2023-09-29 03:00:07,966 [INFO] PluginManager:220 - loadIPPluginJar : add touchsensing
2023-09-29 03:00:07,969 [INFO] IPUIPlugin:80 - create IPUIPlugin
2023-09-29 03:00:07,969 [INFO] PluginManager:220 - loadIPPluginJar : add tracer_emb
2023-09-29 03:00:07,971 [INFO] IPUIPlugin:80 - create IPUIPlugin
2023-09-29 03:00:07,971 [INFO] PluginManager:220 - loadIPPluginJar : add ts
2023-09-29 03:00:07,973 [INFO] IPUIPlugin:80 - create IPUIPlugin
2023-09-29 03:00:07,973 [INFO] PluginManager:220 - loadIPPluginJar : add tsc
2023-09-29 03:00:07,975 [INFO] IPUIPlugin:80 - create IPUIPlugin
2023-09-29 03:00:07,975 [INFO] PluginManager:220 - loadIPPluginJar : add ucpd
2023-09-29 03:00:07,979 [INFO] IPUIPlugin:80 - create IPUIPlugin
2023-09-29 03:00:07,979 [INFO] PluginManager:220 - loadIPPluginJar : add usart
2023-09-29 03:00:07,982 [INFO] IPUIPlugin:80 - create IPUIPlugin
2023-09-29 03:00:07,983 [INFO] PluginManager:220 - loadIPPluginJar : add usbx
2023-09-29 03:00:08,132 [INFO] CADModel:165 - CPN selected for project level
2023-09-29 03:00:08,133 [INFO] CADModel:114 - Register for checkConnection events
2023-09-29 03:00:08,133 [FATAL] Updater:308 - Updater called before beeing initialized
2023-09-29 03:00:08,133 [ERROR] CADModel:125 - Updater not yet initialized, retry later 
2023-09-29 03:00:08,265 [INFO] CADModel:165 - CPN selected for project level
2023-09-29 03:00:08,265 [INFO] CADModel:114 - Register for checkConnection events
2023-09-29 03:00:08,265 [FATAL] Updater:308 - Updater called before beeing initialized
2023-09-29 03:00:08,265 [ERROR] CADModel:125 - Updater not yet initialized, retry later 
2023-09-29 03:00:08,268 [FATAL] Updater:308 - Updater called before beeing initialized
2023-09-29 03:00:08,357 [FATAL] Updater:308 - Updater called before beeing initialized
2023-09-29 03:00:08,363 [INFO] DbMcusAds:53 - JSON generation date=Tue Mar 07 15:50:55 GMT+07:00 2023 (1678179055114)
2023-09-29 03:00:08,363 [FATAL] Updater:308 - Updater called before beeing initialized
2023-09-29 03:00:08,410 [WARN] DetailPanel:346 - Failed to get advertising image, set to default
2023-09-29 03:00:08,527 [FATAL] Updater:308 - Updater called before beeing initialized
2023-09-29 03:00:08,529 [FATAL] Updater:308 - Updater called before beeing initialized
2023-09-29 03:00:08,529 [FATAL] Updater:308 - Updater called before beeing initialized
2023-09-29 03:00:08,529 [WARN] DetailPanel:346 - Failed to get advertising image, set to default
2023-09-29 03:00:08,530 [FATAL] Updater:308 - Updater called before beeing initialized
2023-09-29 03:00:08,587 [ERROR] Updater:1120 - MainUpdater not yet initialized. External WinMGr cannot be set.
2023-09-29 03:00:08,589 [INFO] Updater:1056 - Updater Version found : 6.9.0
2023-09-29 03:00:08,610 [INFO] ApplicationProperties:184 - Using Application install path: E:\stm32CubMX\doo\ST\STM32CubeIDE_1.13.0\STM32CubeIDE\plugins\com.st.stm32cube.common.mx_6.9.0.202307051724
2023-09-29 03:00:08,827 [INFO] MainUpdater:2868 - connection check result : 10
2023-09-29 03:00:08,828 [INFO] MainUpdater:285 - Updater Check For Update Now.
2023-09-29 03:00:08,828 [INFO] MicroXplorer:498 - Change Database Version : DB.6.0.90
2023-09-29 03:00:08,836 [INFO] McuFinderGlobals:63 - Set McuFinder mode to 2 (CubeIDE integrated)
2023-09-29 03:00:08,836 [INFO] UserAuth:179 - activating auth plugin
2023-09-29 03:00:08,840 [INFO] UserAuth:393 - Internet connection configuration mode: 1
2023-09-29 03:00:08,857 [INFO] JxBrowserEngine:151 - Initiate JxBrowser Engine with user profile folder
2023-09-29 03:00:09,035 [INFO] CheckServerUpdateThread:120 - End of CheckServer Thread
2023-09-29 03:00:09,516 [INFO] WebApp:157 - Instantiating new browser for Auth
2023-09-29 03:00:10,150 [INFO] WebApp:753 - Register for checkConnection events
2023-09-29 03:00:10,150 [INFO] WebApp:390 - Apply proxy settings
2023-09-29 03:00:10,150 [INFO] WebApp:475 - Chromium requires no authentication
2023-09-29 03:00:10,156 [INFO] WebApp:418 - Direct internet connection detected
2023-09-29 03:00:10,349 [WARN] PackLoader:240 - Cannot read IP mode file for STMicroelectronics.X-CUBE-SMBUS.2.1.0
2023-09-29 03:00:10,385 [WARN] PackLoader:240 - Cannot read IP mode file for STMicroelectronics.X-CUBE-AZRTOS-F7.1.1.0
2023-09-29 03:00:10,405 [WARN] PackLoader:240 - Cannot read IP mode file for STMicroelectronics.FP-SNS-MOTENV1.4.3.2
2023-09-29 03:00:10,414 [WARN] PackLoader:240 - Cannot read IP mode file for STMicroelectronics.FP-SNS-FLIGHT1.5.0.2
2023-09-29 03:00:10,424 [WARN] PackLoader:240 - Cannot read IP mode file for STMicroelectronics.X-CUBE-DISPLAY.3.0.0
2023-09-29 03:00:10,437 [WARN] PackLoader:240 - Cannot read IP mode file for STMicroelectronics.X-CUBE-BLE1.7.0.0
2023-09-29 03:00:10,442 [INFO] WebApp:188 - Starting web application
2023-09-29 03:00:10,442 [INFO] WebApp:520 - Web application path used E:\stm32CubMX\doo\ST\STM32CubeIDE_1.13.0\STM32CubeIDE\plugins\com.st.stm32cube.common.mx_6.9.0.202307051724\db\plugins\mcufinder\reactClient1\index.html
2023-09-29 03:00:10,443 [WARN] PackLoader:240 - Cannot read IP mode file for emotas.I-CUBE-CANOPEN.1.3.0
2023-09-29 03:00:10,450 [WARN] PackLoader:240 - Cannot read IP mode file for STMicroelectronics.X-CUBE-TOUCHGFX.4.22.0
2023-09-29 03:00:10,455 [WARN] PackLoader:240 - Cannot read IP mode file for STMicroelectronics.FP-SNS-SMARTAG2.1.2.0
2023-09-29 03:00:10,474 [INFO] LogOutputStream:77 - [STDOUT_REDIRECT] 1 : Invalid condition id : UX_CORESTACK_Condition cause : null
2023-09-29 03:00:10,475 [INFO] LogOutputStream:77 - [STDOUT_REDIRECT] 1 : Invalid condition id : UX_CORESTACK_Condition cause : null
2023-09-29 03:00:10,477 [INFO] LogOutputStream:77 - [STDOUT_REDIRECT] 1 : Invalid condition id : UX_CORESTACK_Condition cause : null
2023-09-29 03:00:10,479 [INFO] LogOutputStream:77 - [STDOUT_REDIRECT] 1 : Invalid condition id : UX_CORESTACK_Condition cause : null
2023-09-29 03:00:10,480 [INFO] LogOutputStream:77 - [STDOUT_REDIRECT] 1 : Invalid condition id : UX_CORESTACK_Condition cause : null
2023-09-29 03:00:10,483 [WARN] PackLoader:240 - Cannot read IP mode file for STMicroelectronics.X-CUBE-AZRTOS-WL.2.0.0
2023-09-29 03:00:10,495 [WARN] PackLoader:240 - Cannot read IP mode file for WES.I-CUBE-Cesium.1.3.0
2023-09-29 03:00:10,501 [WARN] PackLoader:240 - Cannot read IP mode file for STMicroelectronics.X-CUBE-BLE2.3.3.0
2023-09-29 03:00:10,510 [WARN] PackLoader:240 - Cannot read IP mode file for STMicroelectronics.X-CUBE-ALGOBUILD.1.3.0
2023-09-29 03:00:10,539 [WARN] PackLoader:240 - Cannot read IP mode file for STMicroelectronics.X-CUBE-AZRTOS-G0.1.1.0
2023-09-29 03:00:10,549 [WARN] PackLoader:240 - Cannot read IP mode file for STMicroelectronics.X-CUBE-NFC4.3.0.0
2023-09-29 03:00:10,557 [WARN] PackLoader:240 - Cannot read IP mode file for STMicroelectronics.FP-ATR-SIGFOX1.3.2.0
2023-09-29 03:00:10,615 [WARN] PackLoader:240 - Cannot read IP mode file for SEGGER.I-CUBE-embOS.1.3.1
2023-09-29 03:00:10,686 [WARN] PackLoader:240 - Cannot read IP mode file for STMicroelectronics.X-CUBE-GNSS1.6.0.0
2023-09-29 03:00:10,712 [WARN] PackLoader:240 - Cannot read IP mode file for STMicroelectronics.X-CUBE-AZRTOS-F4.1.1.0
2023-09-29 03:00:10,721 [WARN] PackLoader:240 - Cannot read IP mode file for wolfSSL.I-CUBE-wolfSSL.5.6.3
2023-09-29 03:00:10,744 [WARN] PackLoader:240 - Cannot read IP mode file for STMicroelectronics.X-CUBE-AZRTOS-L5.2.0.0
2023-09-29 03:00:10,817 [WARN] PackLoader:240 - Cannot read IP mode file for STMicroelectronics.X-CUBE-MEMS1.9.6.0
2023-09-29 03:00:11,036 [WARN] PackLoader:240 - Cannot read IP mode file for STMicroelectronics.X-CUBE-BLEMGR.2.0.0
2023-09-29 03:00:11,070 [WARN] ConditionMgr:438 - getConditionDescription Invalid condition id : UX DEVICE CLASS RTOS Condition cause : null
2023-09-29 03:00:11,071 [WARN] ConditionMgr:438 - getConditionDescription Invalid condition id : UX DEVICE CLASS RTOS Condition cause : null
2023-09-29 03:00:11,077 [WARN] PackLoader:240 - Cannot read IP mode file for STMicroelectronics.X-CUBE-AZRTOS-H7.3.1.0
2023-09-29 03:00:11,079 [WARN] ConditionMgr:1039 - genDependencies : Invalid condition id : UX DEVICE CLASS RTOS Condition cause : null
2023-09-29 03:00:11,079 [WARN] ConditionMgr:1039 - genDependencies : Invalid condition id : UX DEVICE CLASS RTOS Condition cause : null
2023-09-29 03:00:11,080 [WARN] ConditionMgr:1039 - genDependencies : Invalid condition id : UX DEVICE CLASS RTOS Condition cause : null
2023-09-29 03:00:11,081 [WARN] ConditionMgr:1039 - genDependencies : Invalid condition id : UX DEVICE CLASS RTOS Condition cause : null
2023-09-29 03:00:11,081 [WARN] ConditionMgr:1039 - genDependencies : Invalid condition id : UX DEVICE CLASS RTOS Condition cause : null
2023-09-29 03:00:11,091 [WARN] PackLoader:240 - Cannot read IP mode file for STMicroelectronics.X-CUBE-NFC7.1.0.1
2023-09-29 03:00:11,113 [WARN] PackLoader:240 - Cannot read IP mode file for STMicroelectronics.X-CUBE-NFC6.3.0.0
2023-09-29 03:00:11,130 [WARN] PackLoader:240 - Cannot read IP mode file for STMicroelectronics.X-CUBE-EEPRMA1.4.1.0
2023-09-29 03:00:11,136 [WARN] PackLoader:240 - Cannot read IP mode file for STMicroelectronics.X-CUBE-AI.8.1.0
2023-09-29 03:00:11,163 [WARN] ConditionMgr:438 - getConditionDescription Invalid condition id : LAN8742 Phy interface Condition cause : null
2023-09-29 03:00:11,164 [WARN] PackLoader:240 - Cannot read IP mode file for STMicroelectronics.X-CUBE-AZRTOS-L4.2.0.0
2023-09-29 03:00:11,166 [WARN] ConditionMgr:1039 - genDependencies : Invalid condition id : LAN8742 Phy interface Condition cause : null
2023-09-29 03:00:11,166 [WARN] ConditionMgr:1039 - genDependencies : Invalid condition id : LAN8742 Phy interface Condition cause : null
2023-09-29 03:00:11,167 [WARN] ConditionMgr:1039 - genDependencies : Invalid condition id : LAN8742 Phy interface Condition cause : null
2023-09-29 03:00:11,196 [WARN] PackLoader:240 - Cannot read IP mode file for STMicroelectronics.X-CUBE-SFXS2LP1.4.0.0
2023-09-29 03:00:11,203 [WARN] PackLoader:240 - Cannot read IP mode file for STMicroelectronics.X-CUBE-ISPU.1.1.0
2023-09-29 03:00:11,222 [WARN] ConditionMgr:438 - getConditionDescription Invalid condition id : UX DEVICE CLASS RTOS Condition cause : null
2023-09-29 03:00:11,222 [WARN] ConditionMgr:438 - getConditionDescription Invalid condition id : UX DEVICE CLASS RTOS Condition cause : null
2023-09-29 03:00:11,225 [WARN] PackLoader:240 - Cannot read IP mode file for STMicroelectronics.X-CUBE-AZRTOS-WB.2.0.0
2023-09-29 03:00:11,226 [WARN] ConditionMgr:1039 - genDependencies : Invalid condition id : UX DEVICE CLASS RTOS Condition cause : null
2023-09-29 03:00:11,227 [WARN] ConditionMgr:1039 - genDependencies : Invalid condition id : UX DEVICE CLASS RTOS Condition cause : null
2023-09-29 03:00:11,228 [WARN] ConditionMgr:1039 - genDependencies : Invalid condition id : UX DEVICE CLASS RTOS Condition cause : null
2023-09-29 03:00:11,229 [WARN] ConditionMgr:1039 - genDependencies : Invalid condition id : UX DEVICE CLASS RTOS Condition cause : null
2023-09-29 03:00:11,229 [WARN] ConditionMgr:1039 - genDependencies : Invalid condition id : UX DEVICE CLASS RTOS Condition cause : null
2023-09-29 03:00:11,250 [WARN] PackLoader:240 - Cannot read IP mode file for STMicroelectronics.X-CUBE-SUBG2.5.0.0
2023-09-29 03:00:11,264 [WARN] PackLoader:240 - Cannot read IP mode file for STMicroelectronics.X-CUBE-TOF1.3.3.1
2023-09-29 03:00:11,283 [WARN] PackLoader:240 - Cannot read IP mode file for STMicroelectronics.X-CUBE-AZRTOS-G4.2.0.0
2023-09-29 03:00:11,289 [WARN] PackLoader:240 - Cannot read IP mode file for STMicroelectronics.X-CUBE-FREERTOS.1.1.0
2023-09-29 03:00:11,293 [WARN] PackLoader:240 - Cannot read IP mode file for portGmbH.I-Cube-SoM-uGOAL.1.1.0
2023-09-29 03:00:11,297 [WARN] PackLoader:240 - Cannot read IP mode file for STMicroelectronics.X-CUBE-ALS.1.0.1
2023-09-29 03:00:11,300 [WARN] PackLoader:240 - Cannot read IP mode file for STMicroelectronics.FP-ATR-ASTRA1.2.0.0
2023-09-29 03:00:11,301 [INFO] ThirdParty:978 - Integrity check success = true
2023-09-29 03:00:11,301 [INFO] IntegrityCheckThread:100 - exiting critical section [integrity check]
2023-09-29 03:00:11,301 [INFO] IntegrityCheckThread:103 - End integrity checks thread
2023-09-29 03:00:31,108 [ERROR] LogOutputStream:75 - [STDERR_REDIRECT] SLF4J: Failed to load class "org.slf4j.impl.StaticLoggerBinder".
2023-09-29 03:00:31,108 [ERROR] LogOutputStream:75 - [STDERR_REDIRECT] SLF4J: Defaulting to no-operation (NOP) logger implementation
2023-09-29 03:00:31,110 [ERROR] LogOutputStream:75 - [STDERR_REDIRECT] SLF4J: See http://www.slf4j.org/codes.html#StaticLoggerBinder for further details.
2023-09-29 04:45:56,652 [ERROR] LogOutputStream:75 - [STDERR_REDIRECT] 
